# JRE version: Java(TM) SE Runtime Environment (8.0_131-b11) (build 1.8.0_131-b11)
# Java VM: Java HotSpot(TM) 64-Bit Server VM (25.131-b11 mixed mode windows-amd64 compressed oops)
Heap:
 PSYoungGen      total 425472K, used 130180K [0x000000076ab00000, 0x000000078e680000, 0x00000007c0000000)
  eden space 379392K, 25% used [0x000000076ab00000,0x0000000770b4ce10,0x0000000781d80000)
  from space 46080K, 68% used [0x0000000781d80000,0x0000000783c542a0,0x0000000784a80000)
  to   space 48128K, 0% used [0x000000078b780000,0x000000078b780000,0x000000078e680000)
 ParOldGen       total 76800K, used 37399K [0x00000006c0000000, 0x00000006c4b00000, 0x000000076ab00000)
  object space 76800K, 48% used [0x00000006c0000000,0x00000006c2485f20,0x00000006c4b00000)
 Metaspace       used 33339K, capacity 33670K, committed 33792K, reserved 1079296K
  class space    used 4173K, capacity 4270K, committed 4352K, reserved 1048576K
GC Heap History (10 events):
Event: 26.679 GC heap before
{Heap before GC invocations=22 (full 1):
 PSYoungGen      total 227328K, used 221466K [0x000000076ab00000, 0x000000077a700000, 0x00000007c0000000)
  eden space 202240K, 100% used [0x000000076ab00000,0x0000000777080000,0x0000000777080000)
  from space 25088K, 76% used [0x0000000778b00000,0x0000000779dc6a68,0x000000077a380000)
  to   space 27136K, 0% used [0x0000000777080000,0x0000000777080000,0x0000000778b00000)
 ParOldGen       total 76800K, used 28732K [0x00000006c0000000, 0x00000006c4b00000, 0x000000076ab00000)
  object space 76800K, 37% used [0x00000006c0000000,0x00000006c1c0f1c8,0x00000006c4b00000)
 Metaspace       used 28967K, capacity 29294K, committed 29440K, reserved 1075200K
  class space    used 3736K, capacity 3818K, committed 3840K, reserved 1048576K
Event: 26.699 GC heap after
Heap after GC invocations=22 (full 1):
 PSYoungGen      total 229376K, used 27113K [0x000000076ab00000, 0x000000077fb00000, 0x00000007c0000000)
  eden space 202240K, 0% used [0x000000076ab00000,0x000000076ab00000,0x0000000777080000)
  from space 27136K, 99% used [0x0000000777080000,0x0000000778afa418,0x0000000778b00000)
  to   space 31744K, 0% used [0x000000077dc00000,0x000000077dc00000,0x000000077fb00000)
 ParOldGen       total 76800K, used 30226K [0x00000006c0000000, 0x00000006c4b00000, 0x000000076ab00000)
  object space 76800K, 39% used [0x00000006c0000000,0x00000006c1d84b70,0x00000006c4b00000)
 Metaspace       used 28967K, capacity 29294K, committed 29440K, reserved 1075200K
  class space    used 3736K, capacity 3818K, committed 3840K, reserved 1048576K
}
Event: 27.261 GC heap before
{Heap before GC invocations=23 (full 1):
 PSYoungGen      total 229376K, used 229353K [0x000000076ab00000, 0x000000077fb00000, 0x00000007c0000000)
  eden space 202240K, 100% used [0x000000076ab00000,0x0000000777080000,0x0000000777080000)
  from space 27136K, 99% used [0x0000000777080000,0x0000000778afa418,0x0000000778b00000)
  to   space 31744K, 0% used [0x000000077dc00000,0x000000077dc00000,0x000000077fb00000)
 ParOldGen       total 76800K, used 30226K [0x00000006c0000000, 0x00000006c4b00000, 0x000000076ab00000)
  object space 76800K, 39% used [0x00000006c0000000,0x00000006c1d84b70,0x00000006c4b00000)
 Metaspace       used 29007K, capacity 29358K, committed 29440K, reserved 1075200K
  class space    used 3736K, capacity 3818K, committed 3840K, reserved 1048576K
Event: 27.283 GC heap after
Heap after GC invocations=23 (full 1):
 PSYoungGen      total 309248K, used 25740K [0x000000076ab00000, 0x0000000780100000, 0x00000007c0000000)
  eden space 277504K, 0% used [0x000000076ab00000,0x000000076ab00000,0x000000077ba00000)
  from space 31744K, 81% used [0x000000077dc00000,0x000000077f523188,0x000000077fb00000)
  to   space 34816K, 0% used [0x000000077ba00000,0x000000077ba00000,0x000000077dc00000)
 ParOldGen       total 76800K, used 30838K [0x00000006c0000000, 0x00000006c4b00000, 0x000000076ab00000)
  object space 76800K, 40% used [0x00000006c0000000,0x00000006c1e1db80,0x00000006c4b00000)
 Metaspace       used 29007K, capacity 29358K, committed 29440K, reserved 1075200K
  class space    used 3736K, capacity 3818K, committed 3840K, reserved 1048576K
}
Event: 27.991 GC heap before
{Heap before GC invocations=24 (full 1):
 PSYoungGen      total 309248K, used 303244K [0x000000076ab00000, 0x0000000780100000, 0x00000007c0000000)
  eden space 277504K, 100% used [0x000000076ab00000,0x000000077ba00000,0x000000077ba00000)
  from space 31744K, 81% used [0x000000077dc00000,0x000000077f523188,0x000000077fb00000)
  to   space 34816K, 0% used [0x000000077ba00000,0x000000077ba00000,0x000000077dc00000)
 ParOldGen       total 76800K, used 30838K [0x00000006c0000000, 0x00000006c4b00000, 0x000000076ab00000)
  object space 76800K, 40% used [0x00000006c0000000,0x00000006c1e1db80,0x00000006c4b00000)
 Metaspace       used 29028K, capacity 29358K, committed 29440K, reserved 1075200K
  class space    used 3736K, capacity 3818K, committed 3840K, reserved 1048576K
Event: 28.024 GC heap after
Heap after GC invocations=24 (full 1):
 PSYoungGen      total 312320K, used 34654K [0x000000076ab00000, 0x0000000787200000, 0x00000007c0000000)
  eden space 277504K, 0% used [0x000000076ab00000,0x000000076ab00000,0x000000077ba00000)
  from space 34816K, 99% used [0x000000077ba00000,0x000000077dbd7948,0x000000077dc00000)
  to   space 40448K, 0% used [0x0000000784a80000,0x0000000784a80000,0x0000000787200000)
 ParOldGen       total 76800K, used 31666K [0x00000006c0000000, 0x00000006c4b00000, 0x000000076ab00000)
  object space 76800K, 41% used [0x00000006c0000000,0x00000006c1eecac8,0x00000006c4b00000)
 Metaspace       used 29028K, capacity 29358K, committed 29440K, reserved 1075200K
  class space    used 3736K, capacity 3818K, committed 3840K, reserved 1048576K
}
Event: 28.984 GC heap before
{Heap before GC invocations=25 (full 1):
 PSYoungGen      total 312320K, used 312158K [0x000000076ab00000, 0x0000000787200000, 0x00000007c0000000)
  eden space 277504K, 100% used [0x000000076ab00000,0x000000077ba00000,0x000000077ba00000)
  from space 34816K, 99% used [0x000000077ba00000,0x000000077dbd7948,0x000000077dc00000)
  to   space 40448K, 0% used [0x0000000784a80000,0x0000000784a80000,0x0000000787200000)
 ParOldGen       total 76800K, used 31666K [0x00000006c0000000, 0x00000006c4b00000, 0x000000076ab00000)
  object space 76800K, 41% used [0x00000006c0000000,0x00000006c1eecac8,0x00000006c4b00000)
 Metaspace       used 29157K, capacity 29492K, committed 29696K, reserved 1075200K
  class space    used 3747K, capacity 3819K, committed 3840K, reserved 1048576K
Event: 29.014 GC heap after
Heap after GC invocations=25 (full 1):
 PSYoungGen      total 419840K, used 38004K [0x000000076ab00000, 0x0000000787c80000, 0x00000007c0000000)
  eden space 379392K, 0% used [0x000000076ab00000,0x000000076ab00000,0x0000000781d80000)
  from space 40448K, 93% used [0x0000000784a80000,0x0000000786f9d378,0x0000000787200000)
  to   space 46080K, 0% used [0x0000000781d80000,0x0000000781d80000,0x0000000784a80000)
 ParOldGen       total 76800K, used 35407K [0x00000006c0000000, 0x00000006c4b00000, 0x000000076ab00000)
  object space 76800K, 46% used [0x00000006c0000000,0x00000006c2293f00,0x00000006c4b00000)
 Metaspace       used 29157K, capacity 29492K, committed 29696K, reserved 1075200K
  class space    used 3747K, capacity 3819K, committed 3840K, reserved 1048576K
}
Event: 30.180 GC heap before
{Heap before GC invocations=26 (full 1):
 PSYoungGen      total 419840K, used 417396K [0x000000076ab00000, 0x0000000787c80000, 0x00000007c0000000)
  eden space 379392K, 100% used [0x000000076ab00000,0x0000000781d80000,0x0000000781d80000)
  from space 40448K, 93% used [0x0000000784a80000,0x0000000786f9d378,0x0000000787200000)
  to   space 46080K, 0% used [0x0000000781d80000,0x0000000781d80000,0x0000000784a80000)
 ParOldGen       total 76800K, used 35407K [0x00000006c0000000, 0x00000006c4b00000, 0x000000076ab00000)
  object space 76800K, 46% used [0x00000006c0000000,0x00000006c2293f00,0x00000006c4b00000)
 Metaspace       used 29776K, capacity 30074K, committed 30336K, reserved 1075200K
  class space    used 3821K, capacity 3884K, committed 3968K, reserved 1048576K
Event: 30.212 GC heap after
Heap after GC invocations=26 (full 1):
 PSYoungGen      total 425472K, used 31568K [0x000000076ab00000, 0x000000078e680000, 0x00000007c0000000)
  eden space 379392K, 0% used [0x000000076ab00000,0x000000076ab00000,0x0000000781d80000)
  from space 46080K, 68% used [0x0000000781d80000,0x0000000783c542a0,0x0000000784a80000)
  to   space 48128K, 0% used [0x000000078b780000,0x000000078b780000,0x000000078e680000)
 ParOldGen       total 76800K, used 37399K [0x00000006c0000000, 0x00000006c4b00000, 0x000000076ab00000)
  object space 76800K, 48% used [0x00000006c0000000,0x00000006c2485f20,0x00000006c4b00000)
 Metaspace       used 29776K, capacity 30074K, committed 30336K, reserved 1075200K
  class space    used 3821K, capacity 3884K, committed 3968K, reserved 1048576K
}

