# JRE version: Java(TM) SE Runtime Environment (8.0_131-b11) (build 1.8.0_131-b11)
# Java VM: Java HotSpot(TM) 64-Bit Server VM (25.131-b11 mixed mode windows-amd64 compressed oops)
Heap:
 PSYoungGen      total 524800K, used 492568K [0x000000076ab00000, 0x000000079f900000, 0x00000007c0000000)
  eden space 475648K, 93% used [0x000000076ab00000,0x0000000785c083c8,0x0000000787b80000)
  from space 49152K, 99% used [0x0000000787b80000,0x000000078ab7df08,0x000000078ab80000)
  to   space 60416K, 0% used [0x000000079be00000,0x000000079be00000,0x000000079f900000)
 ParOldGen       total 72704K, used 47008K [0x00000006c0000000, 0x00000006c4700000, 0x000000076ab00000)
  object space 72704K, 64% used [0x00000006c0000000,0x00000006c2de8328,0x00000006c4700000)
 Metaspace       used 33288K, capacity 33654K, committed 33792K, reserved 1079296K
  class space    used 4170K, capacity 4270K, committed 4352K, reserved 1048576K
GC Heap History (10 events):
Event: 12.985 GC heap before
{Heap before GC invocations=12 (full 1):
 PSYoungGen      total 226816K, used 204288K [0x000000076ab00000, 0x0000000779f80000, 0x00000007c0000000)
  eden space 204288K, 100% used [0x000000076ab00000,0x0000000777280000,0x0000000777280000)
  from space 22528K, 0% used [0x0000000778980000,0x0000000778980000,0x0000000779f80000)
  to   space 23040K, 0% used [0x0000000777280000,0x0000000777280000,0x0000000778900000)
 ParOldGen       total 72704K, used 23910K [0x00000006c0000000, 0x00000006c4700000, 0x000000076ab00000)
  object space 72704K, 32% used [0x00000006c0000000,0x00000006c17599e0,0x00000006c4700000)
 Metaspace       used 27994K, capacity 28344K, committed 28672K, reserved 1075200K
  class space    used 3639K, capacity 3721K, committed 3840K, reserved 1048576K
Event: 13.007 GC heap after
Heap after GC invocations=12 (full 1):
 PSYoungGen      total 227328K, used 23028K [0x000000076ab00000, 0x0000000781680000, 0x00000007c0000000)
  eden space 204288K, 0% used [0x000000076ab00000,0x000000076ab00000,0x0000000777280000)
  from space 23040K, 99% used [0x0000000777280000,0x00000007788fd398,0x0000000778900000)
  to   space 28672K, 0% used [0x000000077fa80000,0x000000077fa80000,0x0000000781680000)
 ParOldGen       total 72704K, used 27780K [0x00000006c0000000, 0x00000006c4700000, 0x000000076ab00000)
  object space 72704K, 38% used [0x00000006c0000000,0x00000006c1b21328,0x00000006c4700000)
 Metaspace       used 27994K, capacity 28344K, committed 28672K, reserved 1075200K
  class space    used 3639K, capacity 3721K, committed 3840K, reserved 1048576K
}
Event: 13.720 GC heap before
{Heap before GC invocations=13 (full 1):
 PSYoungGen      total 227328K, used 227316K [0x000000076ab00000, 0x0000000781680000, 0x00000007c0000000)
  eden space 204288K, 100% used [0x000000076ab00000,0x0000000777280000,0x0000000777280000)
  from space 23040K, 99% used [0x0000000777280000,0x00000007788fd398,0x0000000778900000)
  to   space 28672K, 0% used [0x000000077fa80000,0x000000077fa80000,0x0000000781680000)
 ParOldGen       total 72704K, used 27780K [0x00000006c0000000, 0x00000006c4700000, 0x000000076ab00000)
  object space 72704K, 38% used [0x00000006c0000000,0x00000006c1b21328,0x00000006c4700000)
 Metaspace       used 27995K, capacity 28344K, committed 28672K, reserved 1075200K
  class space    used 3639K, capacity 3721K, committed 3840K, reserved 1048576K
Event: 13.739 GC heap after
Heap after GC invocations=13 (full 1):
 PSYoungGen      total 337920K, used 28659K [0x000000076ab00000, 0x0000000782300000, 0x00000007c0000000)
  eden space 309248K, 0% used [0x000000076ab00000,0x000000076ab00000,0x000000077d900000)
  from space 28672K, 99% used [0x000000077fa80000,0x000000078167ccc8,0x0000000781680000)
  to   space 34304K, 0% used [0x000000077d900000,0x000000077d900000,0x000000077fa80000)
 ParOldGen       total 72704K, used 30166K [0x00000006c0000000, 0x00000006c4700000, 0x000000076ab00000)
  object space 72704K, 41% used [0x00000006c0000000,0x00000006c1d758f0,0x00000006c4700000)
 Metaspace       used 27995K, capacity 28344K, committed 28672K, reserved 1075200K
  class space    used 3639K, capacity 3721K, committed 3840K, reserved 1048576K
}
Event: 14.414 GC heap before
{Heap before GC invocations=14 (full 1):
 PSYoungGen      total 337920K, used 337907K [0x000000076ab00000, 0x0000000782300000, 0x00000007c0000000)
  eden space 309248K, 100% used [0x000000076ab00000,0x000000077d900000,0x000000077d900000)
  from space 28672K, 99% used [0x000000077fa80000,0x000000078167ccc8,0x0000000781680000)
  to   space 34304K, 0% used [0x000000077d900000,0x000000077d900000,0x000000077fa80000)
 ParOldGen       total 72704K, used 30166K [0x00000006c0000000, 0x00000006c4700000, 0x000000076ab00000)
  object space 72704K, 41% used [0x00000006c0000000,0x00000006c1d758f0,0x00000006c4700000)
 Metaspace       used 28885K, capacity 29214K, committed 29440K, reserved 1075200K
  class space    used 3734K, capacity 3818K, committed 3840K, reserved 1048576K
Event: 14.440 GC heap after
Heap after GC invocations=14 (full 1):
 PSYoungGen      total 343552K, used 34300K [0x000000076ab00000, 0x000000078d580000, 0x00000007c0000000)
  eden space 309248K, 0% used [0x000000076ab00000,0x000000076ab00000,0x000000077d900000)
  from space 34304K, 99% used [0x000000077d900000,0x000000077fa7f170,0x000000077fa80000)
  to   space 43008K, 0% used [0x000000078ab80000,0x000000078ab80000,0x000000078d580000)
 ParOldGen       total 72704K, used 38153K [0x00000006c0000000, 0x00000006c4700000, 0x000000076ab00000)
  object space 72704K, 52% used [0x00000006c0000000,0x00000006c2542518,0x00000006c4700000)
 Metaspace       used 28885K, capacity 29214K, committed 29440K, reserved 1075200K
  class space    used 3734K, capacity 3818K, committed 3840K, reserved 1048576K
}
Event: 14.980 GC heap before
{Heap before GC invocations=15 (full 1):
 PSYoungGen      total 343552K, used 343548K [0x000000076ab00000, 0x000000078d580000, 0x00000007c0000000)
  eden space 309248K, 100% used [0x000000076ab00000,0x000000077d900000,0x000000077d900000)
  from space 34304K, 99% used [0x000000077d900000,0x000000077fa7f170,0x000000077fa80000)
  to   space 43008K, 0% used [0x000000078ab80000,0x000000078ab80000,0x000000078d580000)
 ParOldGen       total 72704K, used 38153K [0x00000006c0000000, 0x00000006c4700000, 0x000000076ab00000)
  object space 72704K, 52% used [0x00000006c0000000,0x00000006c2542518,0x00000006c4700000)
 Metaspace       used 28916K, capacity 29214K, committed 29440K, reserved 1075200K
  class space    used 3734K, capacity 3818K, committed 3840K, reserved 1048576K
Event: 15.009 GC heap after
Heap after GC invocations=15 (full 1):
 PSYoungGen      total 518656K, used 39022K [0x000000076ab00000, 0x000000078e480000, 0x00000007c0000000)
  eden space 475648K, 0% used [0x000000076ab00000,0x000000076ab00000,0x0000000787b80000)
  from space 43008K, 90% used [0x000000078ab80000,0x000000078d19bba8,0x000000078d580000)
  to   space 49152K, 0% used [0x0000000787b80000,0x0000000787b80000,0x000000078ab80000)
 ParOldGen       total 72704K, used 39493K [0x00000006c0000000, 0x00000006c4700000, 0x000000076ab00000)
  object space 72704K, 54% used [0x00000006c0000000,0x00000006c2691538,0x00000006c4700000)
 Metaspace       used 28916K, capacity 29214K, committed 29440K, reserved 1075200K
  class space    used 3734K, capacity 3818K, committed 3840K, reserved 1048576K
}
Event: 16.710 GC heap before
{Heap before GC invocations=16 (full 1):
 PSYoungGen      total 518656K, used 514670K [0x000000076ab00000, 0x000000078e480000, 0x00000007c0000000)
  eden space 475648K, 100% used [0x000000076ab00000,0x0000000787b80000,0x0000000787b80000)
  from space 43008K, 90% used [0x000000078ab80000,0x000000078d19bba8,0x000000078d580000)
  to   space 49152K, 0% used [0x0000000787b80000,0x0000000787b80000,0x000000078ab80000)
 ParOldGen       total 72704K, used 39493K [0x00000006c0000000, 0x00000006c4700000, 0x000000076ab00000)
  object space 72704K, 54% used [0x00000006c0000000,0x00000006c2691538,0x00000006c4700000)
 Metaspace       used 29067K, capacity 29348K, committed 29440K, reserved 1075200K
  class space    used 3744K, capacity 3819K, committed 3840K, reserved 1048576K
Event: 16.771 GC heap after
Heap after GC invocations=16 (full 1):
 PSYoungGen      total 524800K, used 49143K [0x000000076ab00000, 0x000000079f900000, 0x00000007c0000000)
  eden space 475648K, 0% used [0x000000076ab00000,0x000000076ab00000,0x0000000787b80000)
  from space 49152K, 99% used [0x0000000787b80000,0x000000078ab7df08,0x000000078ab80000)
  to   space 60416K, 0% used [0x000000079be00000,0x000000079be00000,0x000000079f900000)
 ParOldGen       total 72704K, used 47008K [0x00000006c0000000, 0x00000006c4700000, 0x000000076ab00000)
  object space 72704K, 64% used [0x00000006c0000000,0x00000006c2de8328,0x00000006c4700000)
 Metaspace       used 29067K, capacity 29348K, committed 29440K, reserved 1075200K
  class space    used 3744K, capacity 3819K, committed 3840K, reserved 1048576K
}

