# JRE version: Java(TM) SE Runtime Environment (8.0_131-b11) (build 1.8.0_131-b11)
# Java VM: Java HotSpot(TM) 64-Bit Server VM (25.131-b11 mixed mode windows-amd64 compressed oops)
Heap:
 PSYoungGen      total 770560K, used 57097K [0x000000076ab00000, 0x000000079de00000, 0x00000007c0000000)
  eden space 710656K, 2% used [0x000000076ab00000,0x000000076b9236f0,0x0000000796100000)
  from space 59904K, 71% used [0x000000079a080000,0x000000079ca1ee00,0x000000079db00000)
  to   space 64000K, 0% used [0x0000000796100000,0x0000000796100000,0x0000000799f80000)
 ParOldGen       total 74240K, used 48923K [0x00000006c0000000, 0x00000006c4880000, 0x000000076ab00000)
  object space 74240K, 65% used [0x00000006c0000000,0x00000006c2fc6cd8,0x00000006c4880000)
 Metaspace       used 33292K, capacity 33658K, committed 33792K, reserved 1079296K
  class space    used 4170K, capacity 4270K, committed 4352K, reserved 1048576K
GC Heap History (10 events):
Event: 8.175 GC heap before
{Heap before GC invocations=13 (full 1):
 PSYoungGen      total 227328K, used 227298K [0x000000076ab00000, 0x0000000781100000, 0x00000007c0000000)
  eden space 204288K, 100% used [0x000000076ab00000,0x0000000777280000,0x0000000777280000)
  from space 23040K, 99% used [0x0000000777280000,0x00000007788f8a30,0x0000000778900000)
  to   space 28160K, 0% used [0x000000077f580000,0x000000077f580000,0x0000000781100000)
 ParOldGen       total 74240K, used 27707K [0x00000006c0000000, 0x00000006c4880000, 0x000000076ab00000)
  object space 74240K, 37% used [0x00000006c0000000,0x00000006c1b0ec18,0x00000006c4880000)
 Metaspace       used 28032K, capacity 28348K, committed 28672K, reserved 1075200K
  class space    used 3639K, capacity 3721K, committed 3840K, reserved 1048576K
Event: 8.203 GC heap after
Heap after GC invocations=13 (full 1):
 PSYoungGen      total 332288K, used 28139K [0x000000076ab00000, 0x0000000782100000, 0x00000007c0000000)
  eden space 304128K, 0% used [0x000000076ab00000,0x000000076ab00000,0x000000077d400000)
  from space 28160K, 99% used [0x000000077f580000,0x00000007810faee8,0x0000000781100000)
  to   space 34304K, 0% used [0x000000077d400000,0x000000077d400000,0x000000077f580000)
 ParOldGen       total 74240K, used 30380K [0x00000006c0000000, 0x00000006c4880000, 0x000000076ab00000)
  object space 74240K, 40% used [0x00000006c0000000,0x00000006c1dab130,0x00000006c4880000)
 Metaspace       used 28032K, capacity 28348K, committed 28672K, reserved 1075200K
  class space    used 3639K, capacity 3721K, committed 3840K, reserved 1048576K
}
Event: 8.847 GC heap before
{Heap before GC invocations=14 (full 1):
 PSYoungGen      total 332288K, used 332267K [0x000000076ab00000, 0x0000000782100000, 0x00000007c0000000)
  eden space 304128K, 100% used [0x000000076ab00000,0x000000077d400000,0x000000077d400000)
  from space 28160K, 99% used [0x000000077f580000,0x00000007810faee8,0x0000000781100000)
  to   space 34304K, 0% used [0x000000077d400000,0x000000077d400000,0x000000077f580000)
 ParOldGen       total 74240K, used 30380K [0x00000006c0000000, 0x00000006c4880000, 0x000000076ab00000)
  object space 74240K, 40% used [0x00000006c0000000,0x00000006c1dab130,0x00000006c4880000)
 Metaspace       used 28927K, capacity 29282K, committed 29440K, reserved 1075200K
  class space    used 3733K, capacity 3818K, committed 3840K, reserved 1048576K
Event: 8.871 GC heap after
Heap after GC invocations=14 (full 1):
 PSYoungGen      total 338432K, used 34303K [0x000000076ab00000, 0x000000078c780000, 0x00000007c0000000)
  eden space 304128K, 0% used [0x000000076ab00000,0x000000076ab00000,0x000000077d400000)
  from space 34304K, 99% used [0x000000077d400000,0x000000077f57fd88,0x000000077f580000)
  to   space 42496K, 0% used [0x0000000789e00000,0x0000000789e00000,0x000000078c780000)
 ParOldGen       total 74240K, used 37064K [0x00000006c0000000, 0x00000006c4880000, 0x000000076ab00000)
  object space 74240K, 49% used [0x00000006c0000000,0x00000006c2432310,0x00000006c4880000)
 Metaspace       used 28927K, capacity 29282K, committed 29440K, reserved 1075200K
  class space    used 3733K, capacity 3818K, committed 3840K, reserved 1048576K
}
Event: 9.403 GC heap before
{Heap before GC invocations=15 (full 1):
 PSYoungGen      total 338432K, used 338431K [0x000000076ab00000, 0x000000078c780000, 0x00000007c0000000)
  eden space 304128K, 100% used [0x000000076ab00000,0x000000077d400000,0x000000077d400000)
  from space 34304K, 99% used [0x000000077d400000,0x000000077f57fd88,0x000000077f580000)
  to   space 42496K, 0% used [0x0000000789e00000,0x0000000789e00000,0x000000078c780000)
 ParOldGen       total 74240K, used 37064K [0x00000006c0000000, 0x00000006c4880000, 0x000000076ab00000)
  object space 74240K, 49% used [0x00000006c0000000,0x00000006c2432310,0x00000006c4880000)
 Metaspace       used 28960K, capacity 29282K, committed 29440K, reserved 1075200K
  class space    used 3733K, capacity 3818K, committed 3840K, reserved 1048576K
Event: 9.430 GC heap after
Heap after GC invocations=15 (full 1):
 PSYoungGen      total 505344K, used 38460K [0x000000076ab00000, 0x000000078d500000, 0x00000007c0000000)
  eden space 462848K, 0% used [0x000000076ab00000,0x000000076ab00000,0x0000000786f00000)
  from space 42496K, 90% used [0x0000000789e00000,0x000000078c38f110,0x000000078c780000)
  to   space 48128K, 0% used [0x0000000786f00000,0x0000000786f00000,0x0000000789e00000)
 ParOldGen       total 74240K, used 38377K [0x00000006c0000000, 0x00000006c4880000, 0x000000076ab00000)
  object space 74240K, 51% used [0x00000006c0000000,0x00000006c257a5f0,0x00000006c4880000)
 Metaspace       used 28960K, capacity 29282K, committed 29440K, reserved 1075200K
  class space    used 3733K, capacity 3818K, committed 3840K, reserved 1048576K
}
Event: 10.738 GC heap before
{Heap before GC invocations=16 (full 1):
 PSYoungGen      total 505344K, used 501308K [0x000000076ab00000, 0x000000078d500000, 0x00000007c0000000)
  eden space 462848K, 100% used [0x000000076ab00000,0x0000000786f00000,0x0000000786f00000)
  from space 42496K, 90% used [0x0000000789e00000,0x000000078c38f110,0x000000078c780000)
  to   space 48128K, 0% used [0x0000000786f00000,0x0000000786f00000,0x0000000789e00000)
 ParOldGen       total 74240K, used 38377K [0x00000006c0000000, 0x00000006c4880000, 0x000000076ab00000)
  object space 74240K, 51% used [0x00000006c0000000,0x00000006c257a5f0,0x00000006c4880000)
 Metaspace       used 29110K, capacity 29480K, committed 29696K, reserved 1075200K
  class space    used 3744K, capacity 3819K, committed 3840K, reserved 1048576K
Event: 10.782 GC heap after
Heap after GC invocations=16 (full 1):
 PSYoungGen      total 510976K, used 48115K [0x000000076ab00000, 0x000000079db00000, 0x00000007c0000000)
  eden space 462848K, 0% used [0x000000076ab00000,0x000000076ab00000,0x0000000786f00000)
  from space 48128K, 99% used [0x0000000786f00000,0x0000000789dfcf30,0x0000000789e00000)
  to   space 59904K, 0% used [0x000000079a080000,0x000000079a080000,0x000000079db00000)
 ParOldGen       total 74240K, used 47635K [0x00000006c0000000, 0x00000006c4880000, 0x000000076ab00000)
  object space 74240K, 64% used [0x00000006c0000000,0x00000006c2e84cc8,0x00000006c4880000)
 Metaspace       used 29110K, capacity 29480K, committed 29696K, reserved 1075200K
  class space    used 3744K, capacity 3819K, committed 3840K, reserved 1048576K
}
Event: 15.152 GC heap before
{Heap before GC invocations=17 (full 1):
 PSYoungGen      total 510976K, used 510963K [0x000000076ab00000, 0x000000079db00000, 0x00000007c0000000)
  eden space 462848K, 100% used [0x000000076ab00000,0x0000000786f00000,0x0000000786f00000)
  from space 48128K, 99% used [0x0000000786f00000,0x0000000789dfcf30,0x0000000789e00000)
  to   space 59904K, 0% used [0x000000079a080000,0x000000079a080000,0x000000079db00000)
 ParOldGen       total 74240K, used 47635K [0x00000006c0000000, 0x00000006c4880000, 0x000000076ab00000)
  object space 74240K, 64% used [0x00000006c0000000,0x00000006c2e84cc8,0x00000006c4880000)
 Metaspace       used 32763K, capacity 33114K, committed 33280K, reserved 1079296K
  class space    used 4131K, capacity 4238K, committed 4352K, reserved 1048576K
Event: 15.189 GC heap after
Heap after GC invocations=17 (full 1):
 PSYoungGen      total 770560K, used 42619K [0x000000076ab00000, 0x000000079de00000, 0x00000007c0000000)
  eden space 710656K, 0% used [0x000000076ab00000,0x000000076ab00000,0x0000000796100000)
  from space 59904K, 71% used [0x000000079a080000,0x000000079ca1ee00,0x000000079db00000)
  to   space 64000K, 0% used [0x0000000796100000,0x0000000796100000,0x0000000799f80000)
 ParOldGen       total 74240K, used 48923K [0x00000006c0000000, 0x00000006c4880000, 0x000000076ab00000)
  object space 74240K, 65% used [0x00000006c0000000,0x00000006c2fc6cd8,0x00000006c4880000)
 Metaspace       used 32763K, capacity 33114K, committed 33280K, reserved 1079296K
  class space    used 4131K, capacity 4238K, committed 4352K, reserved 1048576K
}

