# JRE version: Java(TM) SE Runtime Environment (8.0_131-b11) (build 1.8.0_131-b11)
# Java VM: Java HotSpot(TM) 64-Bit Server VM (25.131-b11 mixed mode windows-amd64 compressed oops)
Heap:
 PSYoungGen      total 770048K, used 59499K [0x000000076ab00000, 0x000000079de00000, 0x00000007c0000000)
  eden space 710144K, 2% used [0x000000076ab00000,0x000000076bb94418,0x0000000796080000)
  from space 59904K, 70% used [0x0000000799f00000,0x000000079c886868,0x000000079d980000)
  to   space 64000K, 0% used [0x0000000796080000,0x0000000796080000,0x0000000799f00000)
 ParOldGen       total 74240K, used 48364K [0x00000006c0000000, 0x00000006c4880000, 0x000000076ab00000)
  object space 74240K, 65% used [0x00000006c0000000,0x00000006c2f3b110,0x00000006c4880000)
 Metaspace       used 33287K, capacity 33662K, committed 33792K, reserved 1079296K
  class space    used 4172K, capacity 4270K, committed 4352K, reserved 1048576K
GC Heap History (10 events):
Event: 8.101 GC heap before
{Heap before GC invocations=13 (full 1):
 PSYoungGen      total 227328K, used 227310K [0x000000076ab00000, 0x0000000781180000, 0x00000007c0000000)
  eden space 204288K, 100% used [0x000000076ab00000,0x0000000777280000,0x0000000777280000)
  from space 23040K, 99% used [0x0000000777280000,0x00000007788fb960,0x0000000778900000)
  to   space 28672K, 0% used [0x000000077f580000,0x000000077f580000,0x0000000781180000)
 ParOldGen       total 74240K, used 27885K [0x00000006c0000000, 0x00000006c4880000, 0x000000076ab00000)
  object space 74240K, 37% used [0x00000006c0000000,0x00000006c1b3b478,0x00000006c4880000)
 Metaspace       used 27990K, capacity 28352K, committed 28672K, reserved 1075200K
  class space    used 3641K, capacity 3721K, committed 3840K, reserved 1048576K
Event: 8.122 GC heap after
Heap after GC invocations=13 (full 1):
 PSYoungGen      total 332800K, used 28658K [0x000000076ab00000, 0x0000000781f80000, 0x00000007c0000000)
  eden space 304128K, 0% used [0x000000076ab00000,0x000000076ab00000,0x000000077d400000)
  from space 28672K, 99% used [0x000000077f580000,0x000000078117c820,0x0000000781180000)
  to   space 34304K, 0% used [0x000000077d400000,0x000000077d400000,0x000000077f580000)
 ParOldGen       total 74240K, used 30113K [0x00000006c0000000, 0x00000006c4880000, 0x000000076ab00000)
  object space 74240K, 40% used [0x00000006c0000000,0x00000006c1d68660,0x00000006c4880000)
 Metaspace       used 27990K, capacity 28352K, committed 28672K, reserved 1075200K
  class space    used 3641K, capacity 3721K, committed 3840K, reserved 1048576K
}
Event: 8.797 GC heap before
{Heap before GC invocations=14 (full 1):
 PSYoungGen      total 332800K, used 332786K [0x000000076ab00000, 0x0000000781f80000, 0x00000007c0000000)
  eden space 304128K, 100% used [0x000000076ab00000,0x000000077d400000,0x000000077d400000)
  from space 28672K, 99% used [0x000000077f580000,0x000000078117c820,0x0000000781180000)
  to   space 34304K, 0% used [0x000000077d400000,0x000000077d400000,0x000000077f580000)
 ParOldGen       total 74240K, used 30113K [0x00000006c0000000, 0x00000006c4880000, 0x000000076ab00000)
  object space 74240K, 40% used [0x00000006c0000000,0x00000006c1d68660,0x00000006c4880000)
 Metaspace       used 28886K, capacity 29222K, committed 29440K, reserved 1075200K
  class space    used 3735K, capacity 3818K, committed 3840K, reserved 1048576K
Event: 8.825 GC heap after
Heap after GC invocations=14 (full 1):
 PSYoungGen      total 338432K, used 34303K [0x000000076ab00000, 0x000000078c680000, 0x00000007c0000000)
  eden space 304128K, 0% used [0x000000076ab00000,0x000000076ab00000,0x000000077d400000)
  from space 34304K, 99% used [0x000000077d400000,0x000000077f57fc40,0x000000077f580000)
  to   space 42496K, 0% used [0x0000000789d00000,0x0000000789d00000,0x000000078c680000)
 ParOldGen       total 74240K, used 36896K [0x00000006c0000000, 0x00000006c4880000, 0x000000076ab00000)
  object space 74240K, 49% used [0x00000006c0000000,0x00000006c2408018,0x00000006c4880000)
 Metaspace       used 28886K, capacity 29222K, committed 29440K, reserved 1075200K
  class space    used 3735K, capacity 3818K, committed 3840K, reserved 1048576K
}
Event: 9.366 GC heap before
{Heap before GC invocations=15 (full 1):
 PSYoungGen      total 338432K, used 338431K [0x000000076ab00000, 0x000000078c680000, 0x00000007c0000000)
  eden space 304128K, 100% used [0x000000076ab00000,0x000000077d400000,0x000000077d400000)
  from space 34304K, 99% used [0x000000077d400000,0x000000077f57fc40,0x000000077f580000)
  to   space 42496K, 0% used [0x0000000789d00000,0x0000000789d00000,0x000000078c680000)
 ParOldGen       total 74240K, used 36896K [0x00000006c0000000, 0x00000006c4880000, 0x000000076ab00000)
  object space 74240K, 49% used [0x00000006c0000000,0x00000006c2408018,0x00000006c4880000)
 Metaspace       used 28918K, capacity 29222K, committed 29440K, reserved 1075200K
  class space    used 3735K, capacity 3818K, committed 3840K, reserved 1048576K
Event: 9.395 GC heap after
Heap after GC invocations=15 (full 1):
 PSYoungGen      total 503808K, used 38603K [0x000000076ab00000, 0x000000078d580000, 0x00000007c0000000)
  eden space 461312K, 0% used [0x000000076ab00000,0x000000076ab00000,0x0000000786d80000)
  from space 42496K, 90% used [0x0000000789d00000,0x000000078c2b2dc0,0x000000078c680000)
  to   space 48640K, 0% used [0x0000000786d80000,0x0000000786d80000,0x0000000789d00000)
 ParOldGen       total 74240K, used 38195K [0x00000006c0000000, 0x00000006c4880000, 0x000000076ab00000)
  object space 74240K, 51% used [0x00000006c0000000,0x00000006c254cc60,0x00000006c4880000)
 Metaspace       used 28918K, capacity 29222K, committed 29440K, reserved 1075200K
  class space    used 3735K, capacity 3818K, committed 3840K, reserved 1048576K
}
Event: 10.468 GC heap before
{Heap before GC invocations=16 (full 1):
 PSYoungGen      total 503808K, used 499915K [0x000000076ab00000, 0x000000078d580000, 0x00000007c0000000)
  eden space 461312K, 100% used [0x000000076ab00000,0x0000000786d80000,0x0000000786d80000)
  from space 42496K, 90% used [0x0000000789d00000,0x000000078c2b2dc0,0x000000078c680000)
  to   space 48640K, 0% used [0x0000000786d80000,0x0000000786d80000,0x0000000789d00000)
 ParOldGen       total 74240K, used 38195K [0x00000006c0000000, 0x00000006c4880000, 0x000000076ab00000)
  object space 74240K, 51% used [0x00000006c0000000,0x00000006c254cc60,0x00000006c4880000)
 Metaspace       used 29066K, capacity 29356K, committed 29440K, reserved 1075200K
  class space    used 3746K, capacity 3819K, committed 3840K, reserved 1048576K
Event: 10.511 GC heap after
Heap after GC invocations=16 (full 1):
 PSYoungGen      total 509952K, used 48615K [0x000000076ab00000, 0x000000079d980000, 0x00000007c0000000)
  eden space 461312K, 0% used [0x000000076ab00000,0x000000076ab00000,0x0000000786d80000)
  from space 48640K, 99% used [0x0000000786d80000,0x0000000789cf9e98,0x0000000789d00000)
  to   space 59904K, 0% used [0x0000000799f00000,0x0000000799f00000,0x000000079d980000)
 ParOldGen       total 74240K, used 47084K [0x00000006c0000000, 0x00000006c4880000, 0x000000076ab00000)
  object space 74240K, 63% used [0x00000006c0000000,0x00000006c2dfb100,0x00000006c4880000)
 Metaspace       used 29066K, capacity 29356K, committed 29440K, reserved 1075200K
  class space    used 3746K, capacity 3819K, committed 3840K, reserved 1048576K
}
Event: 13.007 GC heap before
{Heap before GC invocations=17 (full 1):
 PSYoungGen      total 509952K, used 509927K [0x000000076ab00000, 0x000000079d980000, 0x00000007c0000000)
  eden space 461312K, 100% used [0x000000076ab00000,0x0000000786d80000,0x0000000786d80000)
  from space 48640K, 99% used [0x0000000786d80000,0x0000000789cf9e98,0x0000000789d00000)
  to   space 59904K, 0% used [0x0000000799f00000,0x0000000799f00000,0x000000079d980000)
 ParOldGen       total 74240K, used 47084K [0x00000006c0000000, 0x00000006c4880000, 0x000000076ab00000)
  object space 74240K, 63% used [0x00000006c0000000,0x00000006c2dfb100,0x00000006c4880000)
 Metaspace       used 32496K, capacity 32830K, committed 32896K, reserved 1077248K
  class space    used 4095K, capacity 4206K, committed 4224K, reserved 1048576K
Event: 13.049 GC heap after
Heap after GC invocations=17 (full 1):
 PSYoungGen      total 770048K, used 42522K [0x000000076ab00000, 0x000000079de00000, 0x00000007c0000000)
  eden space 710144K, 0% used [0x000000076ab00000,0x000000076ab00000,0x0000000796080000)
  from space 59904K, 70% used [0x0000000799f00000,0x000000079c886868,0x000000079d980000)
  to   space 64000K, 0% used [0x0000000796080000,0x0000000796080000,0x0000000799f00000)
 ParOldGen       total 74240K, used 48364K [0x00000006c0000000, 0x00000006c4880000, 0x000000076ab00000)
  object space 74240K, 65% used [0x00000006c0000000,0x00000006c2f3b110,0x00000006c4880000)
 Metaspace       used 32496K, capacity 32830K, committed 32896K, reserved 1077248K
  class space    used 4095K, capacity 4206K, committed 4224K, reserved 1048576K
}

