# JRE version: Java(TM) SE Runtime Environment (8.0_131-b11) (build 1.8.0_131-b11)
# Java VM: Java HotSpot(TM) 64-Bit Server VM (25.131-b11 mixed mode windows-amd64 compressed oops)
Heap:
 PSYoungGen      total 774656K, used 57155K [0x000000076ab00000, 0x000000079e280000, 0x00000007c0000000)
  eden space 714752K, 1% used [0x000000076ab00000,0x000000076b8ef020,0x0000000796500000)
  from space 59904K, 71% used [0x000000079a380000,0x000000079cd61dd8,0x000000079de00000)
  to   space 64000K, 0% used [0x0000000796500000,0x0000000796500000,0x000000079a380000)
 ParOldGen       total 74240K, used 48002K [0x00000006c0000000, 0x00000006c4880000, 0x000000076ab00000)
  object space 74240K, 64% used [0x00000006c0000000,0x00000006c2ee0be8,0x00000006c4880000)
 Metaspace       used 33308K, capacity 33670K, committed 33792K, reserved 1079296K
  class space    used 4170K, capacity 4270K, committed 4352K, reserved 1048576K
GC Heap History (10 events):
Event: 8.488 GC heap before
{Heap before GC invocations=13 (full 1):
 PSYoungGen      total 227328K, used 227307K [0x000000076ab00000, 0x0000000781200000, 0x00000007c0000000)
  eden space 204288K, 100% used [0x000000076ab00000,0x0000000777280000,0x0000000777280000)
  from space 23040K, 99% used [0x0000000777280000,0x00000007788facf0,0x0000000778900000)
  to   space 28672K, 0% used [0x000000077f600000,0x000000077f600000,0x0000000781200000)
 ParOldGen       total 74240K, used 27790K [0x00000006c0000000, 0x00000006c4880000, 0x000000076ab00000)
  object space 74240K, 37% used [0x00000006c0000000,0x00000006c1b238b8,0x00000006c4880000)
 Metaspace       used 28042K, capacity 28360K, committed 28672K, reserved 1075200K
  class space    used 3638K, capacity 3721K, committed 3840K, reserved 1048576K
Event: 8.510 GC heap after
Heap after GC invocations=13 (full 1):
 PSYoungGen      total 333312K, used 28655K [0x000000076ab00000, 0x0000000782080000, 0x00000007c0000000)
  eden space 304640K, 0% used [0x000000076ab00000,0x000000076ab00000,0x000000077d480000)
  from space 28672K, 99% used [0x000000077f600000,0x00000007811fbe58,0x0000000781200000)
  to   space 34304K, 0% used [0x000000077d480000,0x000000077d480000,0x000000077f600000)
 ParOldGen       total 74240K, used 30063K [0x00000006c0000000, 0x00000006c4880000, 0x000000076ab00000)
  object space 74240K, 40% used [0x00000006c0000000,0x00000006c1d5bcb0,0x00000006c4880000)
 Metaspace       used 28042K, capacity 28360K, committed 28672K, reserved 1075200K
  class space    used 3638K, capacity 3721K, committed 3840K, reserved 1048576K
}
Event: 9.196 GC heap before
{Heap before GC invocations=14 (full 1):
 PSYoungGen      total 333312K, used 333295K [0x000000076ab00000, 0x0000000782080000, 0x00000007c0000000)
  eden space 304640K, 100% used [0x000000076ab00000,0x000000077d480000,0x000000077d480000)
  from space 28672K, 99% used [0x000000077f600000,0x00000007811fbe58,0x0000000781200000)
  to   space 34304K, 0% used [0x000000077d480000,0x000000077d480000,0x000000077f600000)
 ParOldGen       total 74240K, used 30063K [0x00000006c0000000, 0x00000006c4880000, 0x000000076ab00000)
  object space 74240K, 40% used [0x00000006c0000000,0x00000006c1d5bcb0,0x00000006c4880000)
 Metaspace       used 28934K, capacity 29294K, committed 29440K, reserved 1075200K
  class space    used 3733K, capacity 3818K, committed 3840K, reserved 1048576K
Event: 9.221 GC heap after
Heap after GC invocations=14 (full 1):
 PSYoungGen      total 338944K, used 34302K [0x000000076ab00000, 0x000000078c800000, 0x00000007c0000000)
  eden space 304640K, 0% used [0x000000076ab00000,0x000000076ab00000,0x000000077d480000)
  from space 34304K, 99% used [0x000000077d480000,0x000000077f5ffb38,0x000000077f600000)
  to   space 42496K, 0% used [0x0000000789e80000,0x0000000789e80000,0x000000078c800000)
 ParOldGen       total 74240K, used 36752K [0x00000006c0000000, 0x00000006c4880000, 0x000000076ab00000)
  object space 74240K, 49% used [0x00000006c0000000,0x00000006c23e41e8,0x00000006c4880000)
 Metaspace       used 28934K, capacity 29294K, committed 29440K, reserved 1075200K
  class space    used 3733K, capacity 3818K, committed 3840K, reserved 1048576K
}
Event: 9.768 GC heap before
{Heap before GC invocations=15 (full 1):
 PSYoungGen      total 338944K, used 338942K [0x000000076ab00000, 0x000000078c800000, 0x00000007c0000000)
  eden space 304640K, 100% used [0x000000076ab00000,0x000000077d480000,0x000000077d480000)
  from space 34304K, 99% used [0x000000077d480000,0x000000077f5ffb38,0x000000077f600000)
  to   space 42496K, 0% used [0x0000000789e80000,0x0000000789e80000,0x000000078c800000)
 ParOldGen       total 74240K, used 36752K [0x00000006c0000000, 0x00000006c4880000, 0x000000076ab00000)
  object space 74240K, 49% used [0x00000006c0000000,0x00000006c23e41e8,0x00000006c4880000)
 Metaspace       used 28966K, capacity 29294K, committed 29440K, reserved 1075200K
  class space    used 3733K, capacity 3818K, committed 3840K, reserved 1048576K
Event: 9.795 GC heap after
Heap after GC invocations=15 (full 1):
 PSYoungGen      total 505344K, used 38651K [0x000000076ab00000, 0x000000078d680000, 0x00000007c0000000)
  eden space 462848K, 0% used [0x000000076ab00000,0x000000076ab00000,0x0000000786f00000)
  from space 42496K, 90% used [0x0000000789e80000,0x000000078c43eef0,0x000000078c800000)
  to   space 48640K, 0% used [0x0000000786f00000,0x0000000786f00000,0x0000000789e80000)
 ParOldGen       total 74240K, used 37996K [0x00000006c0000000, 0x00000006c4880000, 0x000000076ab00000)
  object space 74240K, 51% used [0x00000006c0000000,0x00000006c251b208,0x00000006c4880000)
 Metaspace       used 28966K, capacity 29294K, committed 29440K, reserved 1075200K
  class space    used 3733K, capacity 3818K, committed 3840K, reserved 1048576K
}
Event: 10.837 GC heap before
{Heap before GC invocations=16 (full 1):
 PSYoungGen      total 505344K, used 501499K [0x000000076ab00000, 0x000000078d680000, 0x00000007c0000000)
  eden space 462848K, 100% used [0x000000076ab00000,0x0000000786f00000,0x0000000786f00000)
  from space 42496K, 90% used [0x0000000789e80000,0x000000078c43eef0,0x000000078c800000)
  to   space 48640K, 0% used [0x0000000786f00000,0x0000000786f00000,0x0000000789e80000)
 ParOldGen       total 74240K, used 37996K [0x00000006c0000000, 0x00000006c4880000, 0x000000076ab00000)
  object space 74240K, 51% used [0x00000006c0000000,0x00000006c251b208,0x00000006c4880000)
 Metaspace       used 29116K, capacity 29428K, committed 29696K, reserved 1075200K
  class space    used 3744K, capacity 3819K, committed 3840K, reserved 1048576K
Event: 10.886 GC heap after
Heap after GC invocations=16 (full 1):
 PSYoungGen      total 511488K, used 48630K [0x000000076ab00000, 0x000000079de00000, 0x00000007c0000000)
  eden space 462848K, 0% used [0x000000076ab00000,0x000000076ab00000,0x0000000786f00000)
  from space 48640K, 99% used [0x0000000786f00000,0x0000000789e7d990,0x0000000789e80000)
  to   space 59904K, 0% used [0x000000079a380000,0x000000079a380000,0x000000079de00000)
 ParOldGen       total 74240K, used 46714K [0x00000006c0000000, 0x00000006c4880000, 0x000000076ab00000)
  object space 74240K, 62% used [0x00000006c0000000,0x00000006c2d9ebd8,0x00000006c4880000)
 Metaspace       used 29116K, capacity 29428K, committed 29696K, reserved 1075200K
  class space    used 3744K, capacity 3819K, committed 3840K, reserved 1048576K
}
Event: 13.423 GC heap before
{Heap before GC invocations=17 (full 1):
 PSYoungGen      total 511488K, used 511478K [0x000000076ab00000, 0x000000079de00000, 0x00000007c0000000)
  eden space 462848K, 100% used [0x000000076ab00000,0x0000000786f00000,0x0000000786f00000)
  from space 48640K, 99% used [0x0000000786f00000,0x0000000789e7d990,0x0000000789e80000)
  to   space 59904K, 0% used [0x000000079a380000,0x000000079a380000,0x000000079de00000)
 ParOldGen       total 74240K, used 46714K [0x00000006c0000000, 0x00000006c4880000, 0x000000076ab00000)
  object space 74240K, 62% used [0x00000006c0000000,0x00000006c2d9ebd8,0x00000006c4880000)
 Metaspace       used 33116K, capacity 33446K, committed 33792K, reserved 1079296K
  class space    used 4155K, capacity 4238K, committed 4352K, reserved 1048576K
Event: 13.461 GC heap after
Heap after GC invocations=17 (full 1):
 PSYoungGen      total 774656K, used 42887K [0x000000076ab00000, 0x000000079e280000, 0x00000007c0000000)
  eden space 714752K, 0% used [0x000000076ab00000,0x000000076ab00000,0x0000000796500000)
  from space 59904K, 71% used [0x000000079a380000,0x000000079cd61dd8,0x000000079de00000)
  to   space 64000K, 0% used [0x0000000796500000,0x0000000796500000,0x000000079a380000)
 ParOldGen       total 74240K, used 48002K [0x00000006c0000000, 0x00000006c4880000, 0x000000076ab00000)
  object space 74240K, 64% used [0x00000006c0000000,0x00000006c2ee0be8,0x00000006c4880000)
 Metaspace       used 33116K, capacity 33446K, committed 33792K, reserved 1079296K
  class space    used 4155K, capacity 4238K, committed 4352K, reserved 1048576K
}

