# JRE version: Java(TM) SE Runtime Environment (8.0_131-b11) (build 1.8.0_131-b11)
# Java VM: Java HotSpot(TM) 64-Bit Server VM (25.131-b11 mixed mode windows-amd64 compressed oops)
Heap:
 PSYoungGen      total 475136K, used 438487K [0x000000076ab00000, 0x000000078b200000, 0x00000007c0000000)
  eden space 430592K, 93% used [0x000000076ab00000,0x00000007835b5c98,0x0000000784f80000)
  from space 44544K, 77% used [0x0000000787f00000,0x000000078a080168,0x000000078aa80000)
  to   space 48640K, 0% used [0x0000000784f80000,0x0000000784f80000,0x0000000787f00000)
 ParOldGen       total 69120K, used 41327K [0x00000006c0000000, 0x00000006c4380000, 0x000000076ab00000)
  object space 69120K, 59% used [0x00000006c0000000,0x00000006c285bcf0,0x00000006c4380000)
 Metaspace       used 33299K, capacity 33670K, committed 33792K, reserved 1079296K
  class space    used 4170K, capacity 4270K, committed 4352K, reserved 1048576K
GC Heap History (10 events):
Event: 10.595 GC heap before
{Heap before GC invocations=19 (full 1):
 PSYoungGen      total 188928K, used 188927K [0x000000076ab00000, 0x000000077c000000, 0x00000007c0000000)
  eden space 170496K, 100% used [0x000000076ab00000,0x0000000775180000,0x0000000775180000)
  from space 18432K, 99% used [0x0000000775180000,0x000000077637fd40,0x0000000776380000)
  to   space 24064K, 0% used [0x000000077a880000,0x000000077a880000,0x000000077c000000)
 ParOldGen       total 69120K, used 30499K [0x00000006c0000000, 0x00000006c4380000, 0x000000076ab00000)
  object space 69120K, 44% used [0x00000006c0000000,0x00000006c1dc8f28,0x00000006c4380000)
 Metaspace       used 28928K, capacity 29294K, committed 29440K, reserved 1075200K
  class space    used 3733K, capacity 3818K, committed 3840K, reserved 1048576K
Event: 10.615 GC heap after
Heap after GC invocations=19 (full 1):
 PSYoungGen      total 255488K, used 23302K [0x000000076ab00000, 0x000000077c800000, 0x00000007c0000000)
  eden space 231424K, 0% used [0x000000076ab00000,0x000000076ab00000,0x0000000778d00000)
  from space 24064K, 96% used [0x000000077a880000,0x000000077bf41b00,0x000000077c000000)
  to   space 28160K, 0% used [0x0000000778d00000,0x0000000778d00000,0x000000077a880000)
 ParOldGen       total 69120K, used 31587K [0x00000006c0000000, 0x00000006c4380000, 0x000000076ab00000)
  object space 69120K, 45% used [0x00000006c0000000,0x00000006c1ed8f28,0x00000006c4380000)
 Metaspace       used 28928K, capacity 29294K, committed 29440K, reserved 1075200K
  class space    used 3733K, capacity 3818K, committed 3840K, reserved 1048576K
}
Event: 11.044 GC heap before
{Heap before GC invocations=20 (full 1):
 PSYoungGen      total 255488K, used 254726K [0x000000076ab00000, 0x000000077c800000, 0x00000007c0000000)
  eden space 231424K, 100% used [0x000000076ab00000,0x0000000778d00000,0x0000000778d00000)
  from space 24064K, 96% used [0x000000077a880000,0x000000077bf41b00,0x000000077c000000)
  to   space 28160K, 0% used [0x0000000778d00000,0x0000000778d00000,0x000000077a880000)
 ParOldGen       total 69120K, used 31587K [0x00000006c0000000, 0x00000006c4380000, 0x000000076ab00000)
  object space 69120K, 45% used [0x00000006c0000000,0x00000006c1ed8f28,0x00000006c4380000)
 Metaspace       used 28929K, capacity 29294K, committed 29440K, reserved 1075200K
  class space    used 3733K, capacity 3818K, committed 3840K, reserved 1048576K
Event: 11.065 GC heap after
Heap after GC invocations=20 (full 1):
 PSYoungGen      total 259584K, used 28129K [0x000000076ab00000, 0x0000000782600000, 0x00000007c0000000)
  eden space 231424K, 0% used [0x000000076ab00000,0x000000076ab00000,0x0000000778d00000)
  from space 28160K, 99% used [0x0000000778d00000,0x000000077a878588,0x000000077a880000)
  to   space 34304K, 0% used [0x0000000780480000,0x0000000780480000,0x0000000782600000)
 ParOldGen       total 69120K, used 35389K [0x00000006c0000000, 0x00000006c4380000, 0x000000076ab00000)
  object space 69120K, 51% used [0x00000006c0000000,0x00000006c228f448,0x00000006c4380000)
 Metaspace       used 28929K, capacity 29294K, committed 29440K, reserved 1075200K
  class space    used 3733K, capacity 3818K, committed 3840K, reserved 1048576K
}
Event: 11.562 GC heap before
{Heap before GC invocations=21 (full 1):
 PSYoungGen      total 259584K, used 259553K [0x000000076ab00000, 0x0000000782600000, 0x00000007c0000000)
  eden space 231424K, 100% used [0x000000076ab00000,0x0000000778d00000,0x0000000778d00000)
  from space 28160K, 99% used [0x0000000778d00000,0x000000077a878588,0x000000077a880000)
  to   space 34304K, 0% used [0x0000000780480000,0x0000000780480000,0x0000000782600000)
 ParOldGen       total 69120K, used 35389K [0x00000006c0000000, 0x00000006c4380000, 0x000000076ab00000)
  object space 69120K, 51% used [0x00000006c0000000,0x00000006c228f448,0x00000006c4380000)
 Metaspace       used 28959K, capacity 29294K, committed 29440K, reserved 1075200K
  class space    used 3733K, capacity 3818K, committed 3840K, reserved 1048576K
Event: 11.593 GC heap after
Heap after GC invocations=21 (full 1):
 PSYoungGen      total 349184K, used 29749K [0x000000076ab00000, 0x0000000782f80000, 0x00000007c0000000)
  eden space 314880K, 0% used [0x000000076ab00000,0x000000076ab00000,0x000000077de80000)
  from space 34304K, 86% used [0x0000000780480000,0x000000078218d7e8,0x0000000782600000)
  to   space 38912K, 0% used [0x000000077de80000,0x000000077de80000,0x0000000780480000)
 ParOldGen       total 69120K, used 36311K [0x00000006c0000000, 0x00000006c4380000, 0x000000076ab00000)
  object space 69120K, 52% used [0x00000006c0000000,0x00000006c2375db0,0x00000006c4380000)
 Metaspace       used 28959K, capacity 29294K, committed 29440K, reserved 1075200K
  class space    used 3733K, capacity 3818K, committed 3840K, reserved 1048576K
}
Event: 12.470 GC heap before
{Heap before GC invocations=22 (full 1):
 PSYoungGen      total 349184K, used 344629K [0x000000076ab00000, 0x0000000782f80000, 0x00000007c0000000)
  eden space 314880K, 100% used [0x000000076ab00000,0x000000077de80000,0x000000077de80000)
  from space 34304K, 86% used [0x0000000780480000,0x000000078218d7e8,0x0000000782600000)
  to   space 38912K, 0% used [0x000000077de80000,0x000000077de80000,0x0000000780480000)
 ParOldGen       total 69120K, used 36311K [0x00000006c0000000, 0x00000006c4380000, 0x000000076ab00000)
  object space 69120K, 52% used [0x00000006c0000000,0x00000006c2375db0,0x00000006c4380000)
 Metaspace       used 29098K, capacity 29422K, committed 29696K, reserved 1075200K
  class space    used 3744K, capacity 3818K, committed 3840K, reserved 1048576K
Event: 12.500 GC heap after
Heap after GC invocations=22 (full 1):
 PSYoungGen      total 353792K, used 36634K [0x000000076ab00000, 0x000000078aa80000, 0x00000007c0000000)
  eden space 314880K, 0% used [0x000000076ab00000,0x000000076ab00000,0x000000077de80000)
  from space 38912K, 94% used [0x000000077de80000,0x0000000780246870,0x0000000780480000)
  to   space 44544K, 0% used [0x0000000787f00000,0x0000000787f00000,0x000000078aa80000)
 ParOldGen       total 69120K, used 37178K [0x00000006c0000000, 0x00000006c4380000, 0x000000076ab00000)
  object space 69120K, 53% used [0x00000006c0000000,0x00000006c244e8a8,0x00000006c4380000)
 Metaspace       used 29098K, capacity 29422K, committed 29696K, reserved 1075200K
  class space    used 3744K, capacity 3818K, committed 3840K, reserved 1048576K
}
Event: 13.393 GC heap before
{Heap before GC invocations=23 (full 1):
 PSYoungGen      total 353792K, used 351514K [0x000000076ab00000, 0x000000078aa80000, 0x00000007c0000000)
  eden space 314880K, 100% used [0x000000076ab00000,0x000000077de80000,0x000000077de80000)
  from space 38912K, 94% used [0x000000077de80000,0x0000000780246870,0x0000000780480000)
  to   space 44544K, 0% used [0x0000000787f00000,0x0000000787f00000,0x000000078aa80000)
 ParOldGen       total 69120K, used 37178K [0x00000006c0000000, 0x00000006c4380000, 0x000000076ab00000)
  object space 69120K, 53% used [0x00000006c0000000,0x00000006c244e8a8,0x00000006c4380000)
 Metaspace       used 29112K, capacity 29428K, committed 29696K, reserved 1075200K
  class space    used 3744K, capacity 3819K, committed 3840K, reserved 1048576K
Event: 13.418 GC heap after
Heap after GC invocations=23 (full 1):
 PSYoungGen      total 475136K, used 34304K [0x000000076ab00000, 0x000000078b200000, 0x00000007c0000000)
  eden space 430592K, 0% used [0x000000076ab00000,0x000000076ab00000,0x0000000784f80000)
  from space 44544K, 77% used [0x0000000787f00000,0x000000078a080168,0x000000078aa80000)
  to   space 48640K, 0% used [0x0000000784f80000,0x0000000784f80000,0x0000000787f00000)
 ParOldGen       total 69120K, used 41327K [0x00000006c0000000, 0x00000006c4380000, 0x000000076ab00000)
  object space 69120K, 59% used [0x00000006c0000000,0x00000006c285bcf0,0x00000006c4380000)
 Metaspace       used 29112K, capacity 29428K, committed 29696K, reserved 1075200K
  class space    used 3744K, capacity 3819K, committed 3840K, reserved 1048576K
}

