# JRE version: Java(TM) SE Runtime Environment (8.0_131-b11) (build 1.8.0_131-b11)
# Java VM: Java HotSpot(TM) 64-Bit Server VM (25.131-b11 mixed mode windows-amd64 compressed oops)
Heap:
 PSYoungGen      total 511488K, used 58920K [0x00000000d5580000, 0x0000000100000000, 0x0000000100000000)
  eden space 460800K, 3% used [0x00000000d5580000,0x00000000d64a0090,0x00000000f1780000)
  from space 50688K, 85% used [0x00000000f1780000,0x00000000f41e9fb0,0x00000000f4900000)
  to   space 56832K, 0% used [0x00000000fc880000,0x00000000fc880000,0x0000000100000000)
 ParOldGen       total 74752K, used 39380K [0x0000000080000000, 0x0000000084900000, 0x00000000d5580000)
  object space 74752K, 52% used [0x0000000080000000,0x00000000826751b8,0x0000000084900000)
 Metaspace       used 33573K, capacity 33950K, committed 34048K, reserved 1079296K
  class space    used 4193K, capacity 4302K, committed 4352K, reserved 1048576K
GC Heap History (10 events):
Event: 6.631 GC heap before
{Heap before GC invocations=16 (full 1):
 PSYoungGen      total 248320K, used 244366K [0x00000000d5580000, 0x00000000e6800000, 0x0000000100000000)
  eden space 223232K, 100% used [0x00000000d5580000,0x00000000e2f80000,0x00000000e2f80000)
  from space 25088K, 84% used [0x00000000e4a80000,0x00000000e5f23ba0,0x00000000e6300000)
  to   space 27648K, 0% used [0x00000000e2f80000,0x00000000e2f80000,0x00000000e4a80000)
 ParOldGen       total 74752K, used 25992K [0x0000000080000000, 0x0000000084900000, 0x00000000d5580000)
  object space 74752K, 34% used [0x0000000080000000,0x0000000081962008,0x0000000084900000)
 Metaspace       used 28891K, capacity 29222K, committed 29440K, reserved 1075200K
  class space    used 3735K, capacity 3818K, committed 3840K, reserved 1048576K
Event: 6.650 GC heap after
Heap after GC invocations=16 (full 1):
 PSYoungGen      total 250880K, used 27628K [0x00000000d5580000, 0x00000000ee880000, 0x0000000100000000)
  eden space 223232K, 0% used [0x00000000d5580000,0x00000000d5580000,0x00000000e2f80000)
  from space 27648K, 99% used [0x00000000e2f80000,0x00000000e4a7b098,0x00000000e4a80000)
  to   space 33792K, 0% used [0x00000000ec780000,0x00000000ec780000,0x00000000ee880000)
 ParOldGen       total 74752K, used 29303K [0x0000000080000000, 0x0000000084900000, 0x00000000d5580000)
  object space 74752K, 39% used [0x0000000080000000,0x0000000081c9dcc8,0x0000000084900000)
 Metaspace       used 28891K, capacity 29222K, committed 29440K, reserved 1075200K
  class space    used 3735K, capacity 3818K, committed 3840K, reserved 1048576K
}
Event: 7.022 GC heap before
{Heap before GC invocations=17 (full 1):
 PSYoungGen      total 250880K, used 250860K [0x00000000d5580000, 0x00000000ee880000, 0x0000000100000000)
  eden space 223232K, 100% used [0x00000000d5580000,0x00000000e2f80000,0x00000000e2f80000)
  from space 27648K, 99% used [0x00000000e2f80000,0x00000000e4a7b098,0x00000000e4a80000)
  to   space 33792K, 0% used [0x00000000ec780000,0x00000000ec780000,0x00000000ee880000)
 ParOldGen       total 74752K, used 29303K [0x0000000080000000, 0x0000000084900000, 0x00000000d5580000)
  object space 74752K, 39% used [0x0000000080000000,0x0000000081c9dcc8,0x0000000084900000)
 Metaspace       used 28915K, capacity 29222K, committed 29440K, reserved 1075200K
  class space    used 3735K, capacity 3818K, committed 3840K, reserved 1048576K
Event: 7.041 GC heap after
Heap after GC invocations=17 (full 1):
 PSYoungGen      total 375296K, used 28673K [0x00000000d5580000, 0x00000000ef000000, 0x0000000100000000)
  eden space 341504K, 0% used [0x00000000d5580000,0x00000000d5580000,0x00000000ea300000)
  from space 33792K, 84% used [0x00000000ec780000,0x00000000ee380788,0x00000000ee880000)
  to   space 37376K, 0% used [0x00000000ea300000,0x00000000ea300000,0x00000000ec780000)
 ParOldGen       total 74752K, used 30443K [0x0000000080000000, 0x0000000084900000, 0x00000000d5580000)
  object space 74752K, 40% used [0x0000000080000000,0x0000000081dbacc8,0x0000000084900000)
 Metaspace       used 28915K, capacity 29222K, committed 29440K, reserved 1075200K
  class space    used 3735K, capacity 3818K, committed 3840K, reserved 1048576K
}
Event: 7.571 GC heap before
{Heap before GC invocations=18 (full 1):
 PSYoungGen      total 375296K, used 370177K [0x00000000d5580000, 0x00000000ef000000, 0x0000000100000000)
  eden space 341504K, 100% used [0x00000000d5580000,0x00000000ea300000,0x00000000ea300000)
  from space 33792K, 84% used [0x00000000ec780000,0x00000000ee380788,0x00000000ee880000)
  to   space 37376K, 0% used [0x00000000ea300000,0x00000000ea300000,0x00000000ec780000)
 ParOldGen       total 74752K, used 30443K [0x0000000080000000, 0x0000000084900000, 0x00000000d5580000)
  object space 74752K, 40% used [0x0000000080000000,0x0000000081dbacc8,0x0000000084900000)
 Metaspace       used 28946K, capacity 29286K, committed 29440K, reserved 1075200K
  class space    used 3735K, capacity 3818K, committed 3840K, reserved 1048576K
Event: 7.597 GC heap after
Heap after GC invocations=18 (full 1):
 PSYoungGen      total 378880K, used 37349K [0x00000000d5580000, 0x00000000f7480000, 0x0000000100000000)
  eden space 341504K, 0% used [0x00000000d5580000,0x00000000d5580000,0x00000000ea300000)
  from space 37376K, 99% used [0x00000000ea300000,0x00000000ec779730,0x00000000ec780000)
  to   space 44544K, 0% used [0x00000000f4900000,0x00000000f4900000,0x00000000f7480000)
 ParOldGen       total 74752K, used 33175K [0x0000000080000000, 0x0000000084900000, 0x00000000d5580000)
  object space 74752K, 44% used [0x0000000080000000,0x0000000082065d60,0x0000000084900000)
 Metaspace       used 28946K, capacity 29286K, committed 29440K, reserved 1075200K
  class space    used 3735K, capacity 3818K, committed 3840K, reserved 1048576K
}
Event: 8.479 GC heap before
{Heap before GC invocations=19 (full 1):
 PSYoungGen      total 378880K, used 378853K [0x00000000d5580000, 0x00000000f7480000, 0x0000000100000000)
  eden space 341504K, 100% used [0x00000000d5580000,0x00000000ea300000,0x00000000ea300000)
  from space 37376K, 99% used [0x00000000ea300000,0x00000000ec779730,0x00000000ec780000)
  to   space 44544K, 0% used [0x00000000f4900000,0x00000000f4900000,0x00000000f7480000)
 ParOldGen       total 74752K, used 33175K [0x0000000080000000, 0x0000000084900000, 0x00000000d5580000)
  object space 74752K, 44% used [0x0000000080000000,0x0000000082065d60,0x0000000084900000)
 Metaspace       used 29076K, capacity 29356K, committed 29440K, reserved 1075200K
  class space    used 3746K, capacity 3819K, committed 3840K, reserved 1048576K
Event: 8.504 GC heap after
Heap after GC invocations=19 (full 1):
 PSYoungGen      total 505344K, used 40881K [0x00000000d5580000, 0x00000000f7f80000, 0x0000000100000000)
  eden space 460800K, 0% used [0x00000000d5580000,0x00000000d5580000,0x00000000f1780000)
  from space 44544K, 91% used [0x00000000f4900000,0x00000000f70ec520,0x00000000f7480000)
  to   space 50688K, 0% used [0x00000000f1780000,0x00000000f1780000,0x00000000f4900000)
 ParOldGen       total 74752K, used 34668K [0x0000000080000000, 0x0000000084900000, 0x00000000d5580000)
  object space 74752K, 46% used [0x0000000080000000,0x00000000821db188,0x0000000084900000)
 Metaspace       used 29076K, capacity 29356K, committed 29440K, reserved 1075200K
  class space    used 3746K, capacity 3819K, committed 3840K, reserved 1048576K
}
Event: 12.500 GC heap before
{Heap before GC invocations=20 (full 1):
 PSYoungGen      total 505344K, used 501395K [0x00000000d5580000, 0x00000000f7f80000, 0x0000000100000000)
  eden space 460800K, 99% used [0x00000000d5580000,0x00000000f1738a08,0x00000000f1780000)
  from space 44544K, 91% used [0x00000000f4900000,0x00000000f70ec520,0x00000000f7480000)
  to   space 50688K, 0% used [0x00000000f1780000,0x00000000f1780000,0x00000000f4900000)
 ParOldGen       total 74752K, used 34668K [0x0000000080000000, 0x0000000084900000, 0x00000000d5580000)
  object space 74752K, 46% used [0x0000000080000000,0x00000000821db188,0x0000000084900000)
 Metaspace       used 33541K, capacity 33854K, committed 34048K, reserved 1079296K
  class space    used 4190K, capacity 4270K, committed 4352K, reserved 1048576K
Event: 12.546 GC heap after
Heap after GC invocations=20 (full 1):
 PSYoungGen      total 511488K, used 43431K [0x00000000d5580000, 0x0000000100000000, 0x0000000100000000)
  eden space 460800K, 0% used [0x00000000d5580000,0x00000000d5580000,0x00000000f1780000)
  from space 50688K, 85% used [0x00000000f1780000,0x00000000f41e9fb0,0x00000000f4900000)
  to   space 56832K, 0% used [0x00000000fc880000,0x00000000fc880000,0x0000000100000000)
 ParOldGen       total 74752K, used 39380K [0x0000000080000000, 0x0000000084900000, 0x00000000d5580000)
  object space 74752K, 52% used [0x0000000080000000,0x00000000826751b8,0x0000000084900000)
 Metaspace       used 33541K, capacity 33854K, committed 34048K, reserved 1079296K
  class space    used 4190K, capacity 4270K, committed 4352K, reserved 1048576K
}

