# JRE version: Java(TM) SE Runtime Environment (8.0_131-b11) (build 1.8.0_131-b11)
# Java VM: Java HotSpot(TM) 64-Bit Server VM (25.131-b11 mixed mode windows-amd64 compressed oops)
Heap:
 PSYoungGen      total 773632K, used 57537K [0x000000076ab00000, 0x000000079e100000, 0x00000007c0000000)
  eden space 713728K, 2% used [0x000000076ab00000,0x000000076b95c7f0,0x0000000796400000)
  from space 59904K, 71% used [0x000000079a280000,0x000000079cc54008,0x000000079dd00000)
  to   space 64000K, 0% used [0x0000000796400000,0x0000000796400000,0x000000079a280000)
 ParOldGen       total 74240K, used 48776K [0x00000006c0000000, 0x00000006c4880000, 0x000000076ab00000)
  object space 74240K, 65% used [0x00000006c0000000,0x00000006c2fa21c0,0x00000006c4880000)
 Metaspace       used 33288K, capacity 33658K, committed 33792K, reserved 1079296K
  class space    used 4173K, capacity 4270K, committed 4352K, reserved 1048576K
GC Heap History (10 events):
Event: 7.579 GC heap before
{Heap before GC invocations=13 (full 1):
 PSYoungGen      total 227328K, used 227310K [0x000000076ab00000, 0x0000000781180000, 0x00000007c0000000)
  eden space 204288K, 100% used [0x000000076ab00000,0x0000000777280000,0x0000000777280000)
  from space 23040K, 99% used [0x0000000777280000,0x00000007788fb860,0x0000000778900000)
  to   space 28672K, 0% used [0x000000077f580000,0x000000077f580000,0x0000000781180000)
 ParOldGen       total 74240K, used 27901K [0x00000006c0000000, 0x00000006c4880000, 0x000000076ab00000)
  object space 74240K, 37% used [0x00000006c0000000,0x00000006c1b3f6b8,0x00000006c4880000)
 Metaspace       used 27983K, capacity 28348K, committed 28672K, reserved 1075200K
  class space    used 3641K, capacity 3721K, committed 3840K, reserved 1048576K
Event: 7.598 GC heap after
Heap after GC invocations=13 (full 1):
 PSYoungGen      total 332800K, used 28670K [0x000000076ab00000, 0x0000000782100000, 0x00000007c0000000)
  eden space 304128K, 0% used [0x000000076ab00000,0x000000076ab00000,0x000000077d400000)
  from space 28672K, 99% used [0x000000077f580000,0x000000078117f948,0x0000000781180000)
  to   space 34304K, 0% used [0x000000077d400000,0x000000077d400000,0x000000077f580000)
 ParOldGen       total 74240K, used 30054K [0x00000006c0000000, 0x00000006c4880000, 0x000000076ab00000)
  object space 74240K, 40% used [0x00000006c0000000,0x00000006c1d59a80,0x00000006c4880000)
 Metaspace       used 27983K, capacity 28348K, committed 28672K, reserved 1075200K
  class space    used 3641K, capacity 3721K, committed 3840K, reserved 1048576K
}
Event: 8.281 GC heap before
{Heap before GC invocations=14 (full 1):
 PSYoungGen      total 332800K, used 332798K [0x000000076ab00000, 0x0000000782100000, 0x00000007c0000000)
  eden space 304128K, 100% used [0x000000076ab00000,0x000000077d400000,0x000000077d400000)
  from space 28672K, 99% used [0x000000077f580000,0x000000078117f948,0x0000000781180000)
  to   space 34304K, 0% used [0x000000077d400000,0x000000077d400000,0x000000077f580000)
 ParOldGen       total 74240K, used 30054K [0x00000006c0000000, 0x00000006c4880000, 0x000000076ab00000)
  object space 74240K, 40% used [0x00000006c0000000,0x00000006c1d59a80,0x00000006c4880000)
 Metaspace       used 28875K, capacity 29218K, committed 29440K, reserved 1075200K
  class space    used 3735K, capacity 3818K, committed 3840K, reserved 1048576K
Event: 8.307 GC heap after
Heap after GC invocations=14 (full 1):
 PSYoungGen      total 338432K, used 34288K [0x000000076ab00000, 0x000000078c780000, 0x00000007c0000000)
  eden space 304128K, 0% used [0x000000076ab00000,0x000000076ab00000,0x000000077d400000)
  from space 34304K, 99% used [0x000000077d400000,0x000000077f57c0c0,0x000000077f580000)
  to   space 42496K, 0% used [0x0000000789e00000,0x0000000789e00000,0x000000078c780000)
 ParOldGen       total 74240K, used 37073K [0x00000006c0000000, 0x00000006c4880000, 0x000000076ab00000)
  object space 74240K, 49% used [0x00000006c0000000,0x00000006c2434718,0x00000006c4880000)
 Metaspace       used 28875K, capacity 29218K, committed 29440K, reserved 1075200K
  class space    used 3735K, capacity 3818K, committed 3840K, reserved 1048576K
}
Event: 8.741 GC heap before
{Heap before GC invocations=15 (full 1):
 PSYoungGen      total 338432K, used 338416K [0x000000076ab00000, 0x000000078c780000, 0x00000007c0000000)
  eden space 304128K, 100% used [0x000000076ab00000,0x000000077d400000,0x000000077d400000)
  from space 34304K, 99% used [0x000000077d400000,0x000000077f57c0c0,0x000000077f580000)
  to   space 42496K, 0% used [0x0000000789e00000,0x0000000789e00000,0x000000078c780000)
 ParOldGen       total 74240K, used 37073K [0x00000006c0000000, 0x00000006c4880000, 0x000000076ab00000)
  object space 74240K, 49% used [0x00000006c0000000,0x00000006c2434718,0x00000006c4880000)
 Metaspace       used 28911K, capacity 29218K, committed 29440K, reserved 1075200K
  class space    used 3735K, capacity 3818K, committed 3840K, reserved 1048576K
Event: 8.766 GC heap after
Heap after GC invocations=15 (full 1):
 PSYoungGen      total 504832K, used 38506K [0x000000076ab00000, 0x000000078d700000, 0x00000007c0000000)
  eden space 462336K, 0% used [0x000000076ab00000,0x000000076ab00000,0x0000000786e80000)
  from space 42496K, 90% used [0x0000000789e00000,0x000000078c39a8d0,0x000000078c780000)
  to   space 48640K, 0% used [0x0000000786e80000,0x0000000786e80000,0x0000000789e00000)
 ParOldGen       total 74240K, used 38333K [0x00000006c0000000, 0x00000006c4880000, 0x000000076ab00000)
  object space 74240K, 51% used [0x00000006c0000000,0x00000006c256f738,0x00000006c4880000)
 Metaspace       used 28911K, capacity 29218K, committed 29440K, reserved 1075200K
  class space    used 3735K, capacity 3818K, committed 3840K, reserved 1048576K
}
Event: 9.789 GC heap before
{Heap before GC invocations=16 (full 1):
 PSYoungGen      total 504832K, used 500842K [0x000000076ab00000, 0x000000078d700000, 0x00000007c0000000)
  eden space 462336K, 100% used [0x000000076ab00000,0x0000000786e80000,0x0000000786e80000)
  from space 42496K, 90% used [0x0000000789e00000,0x000000078c39a8d0,0x000000078c780000)
  to   space 48640K, 0% used [0x0000000786e80000,0x0000000786e80000,0x0000000789e00000)
 ParOldGen       total 74240K, used 38333K [0x00000006c0000000, 0x00000006c4880000, 0x000000076ab00000)
  object space 74240K, 51% used [0x00000006c0000000,0x00000006c256f738,0x00000006c4880000)
 Metaspace       used 29061K, capacity 29352K, committed 29440K, reserved 1075200K
  class space    used 3746K, capacity 3819K, committed 3840K, reserved 1048576K
Event: 9.832 GC heap after
Heap after GC invocations=16 (full 1):
 PSYoungGen      total 510976K, used 48632K [0x000000076ab00000, 0x000000079dd00000, 0x00000007c0000000)
  eden space 462336K, 0% used [0x000000076ab00000,0x000000076ab00000,0x0000000786e80000)
  from space 48640K, 99% used [0x0000000786e80000,0x0000000789dfe348,0x0000000789e00000)
  to   space 59904K, 0% used [0x000000079a280000,0x000000079a280000,0x000000079dd00000)
 ParOldGen       total 74240K, used 47496K [0x00000006c0000000, 0x00000006c4880000, 0x000000076ab00000)
  object space 74240K, 63% used [0x00000006c0000000,0x00000006c2e621b0,0x00000006c4880000)
 Metaspace       used 29061K, capacity 29352K, committed 29440K, reserved 1075200K
  class space    used 3746K, capacity 3819K, committed 3840K, reserved 1048576K
}
Event: 12.229 GC heap before
{Heap before GC invocations=17 (full 1):
 PSYoungGen      total 510976K, used 510968K [0x000000076ab00000, 0x000000079dd00000, 0x00000007c0000000)
  eden space 462336K, 100% used [0x000000076ab00000,0x0000000786e80000,0x0000000786e80000)
  from space 48640K, 99% used [0x0000000786e80000,0x0000000789dfe348,0x0000000789e00000)
  to   space 59904K, 0% used [0x000000079a280000,0x000000079a280000,0x000000079dd00000)
 ParOldGen       total 74240K, used 47496K [0x00000006c0000000, 0x00000006c4880000, 0x000000076ab00000)
  object space 74240K, 63% used [0x00000006c0000000,0x00000006c2e621b0,0x00000006c4880000)
 Metaspace       used 33023K, capacity 33370K, committed 33536K, reserved 1079296K
  class space    used 4153K, capacity 4238K, committed 4352K, reserved 1048576K
Event: 12.260 GC heap after
Heap after GC invocations=17 (full 1):
 PSYoungGen      total 773632K, used 42832K [0x000000076ab00000, 0x000000079e100000, 0x00000007c0000000)
  eden space 713728K, 0% used [0x000000076ab00000,0x000000076ab00000,0x0000000796400000)
  from space 59904K, 71% used [0x000000079a280000,0x000000079cc54008,0x000000079dd00000)
  to   space 64000K, 0% used [0x0000000796400000,0x0000000796400000,0x000000079a280000)
 ParOldGen       total 74240K, used 48776K [0x00000006c0000000, 0x00000006c4880000, 0x000000076ab00000)
  object space 74240K, 65% used [0x00000006c0000000,0x00000006c2fa21c0,0x00000006c4880000)
 Metaspace       used 33023K, capacity 33370K, committed 33536K, reserved 1079296K
  class space    used 4153K, capacity 4238K, committed 4352K, reserved 1048576K
}

