# JRE version: Java(TM) SE Runtime Environment (8.0_131-b11) (build 1.8.0_131-b11)
# Java VM: Java HotSpot(TM) 64-Bit Server VM (25.131-b11 mixed mode windows-amd64 compressed oops)
Heap:
 PSYoungGen      total 626688K, used 136597K [0x000000076ab00000, 0x0000000794800000, 0x00000007c0000000)
  eden space 571392K, 17% used [0x000000076ab00000,0x0000000770f64960,0x000000078d900000)
  from space 55296K, 61% used [0x0000000791000000,0x0000000793100ca8,0x0000000794600000)
  to   space 56320K, 0% used [0x000000078d900000,0x000000078d900000,0x0000000791000000)
 ParOldGen       total 76800K, used 47909K [0x00000006c0000000, 0x00000006c4b00000, 0x000000076ab00000)
  object space 76800K, 62% used [0x00000006c0000000,0x00000006c2ec9528,0x00000006c4b00000)
 Metaspace       used 33277K, capacity 33658K, committed 33792K, reserved 1079296K
  class space    used 4169K, capacity 4270K, committed 4352K, reserved 1048576K
GC Heap History (10 events):
Event: 10.288 GC heap before
{Heap before GC invocations=15 (full 1):
 PSYoungGen      total 200192K, used 200163K [0x000000076ab00000, 0x000000077ec80000, 0x00000007c0000000)
  eden space 176640K, 100% used [0x000000076ab00000,0x0000000775780000,0x0000000775780000)
  from space 23552K, 99% used [0x0000000775780000,0x0000000776e78e20,0x0000000776e80000)
  to   space 28160K, 0% used [0x000000077d100000,0x000000077d100000,0x000000077ec80000)
 ParOldGen       total 76800K, used 26442K [0x00000006c0000000, 0x00000006c4b00000, 0x000000076ab00000)
  object space 76800K, 34% used [0x00000006c0000000,0x00000006c19d2bd8,0x00000006c4b00000)
 Metaspace       used 28882K, capacity 29218K, committed 29440K, reserved 1075200K
  class space    used 3733K, capacity 3818K, committed 3840K, reserved 1048576K
Event: 10.304 GC heap after
Heap after GC invocations=15 (full 1):
 PSYoungGen      total 297984K, used 24175K [0x000000076ab00000, 0x000000077f380000, 0x00000007c0000000)
  eden space 269824K, 0% used [0x000000076ab00000,0x000000076ab00000,0x000000077b280000)
  from space 28160K, 85% used [0x000000077d100000,0x000000077e89bdb0,0x000000077ec80000)
  to   space 31232K, 0% used [0x000000077b280000,0x000000077b280000,0x000000077d100000)
 ParOldGen       total 76800K, used 27569K [0x00000006c0000000, 0x00000006c4b00000, 0x000000076ab00000)
  object space 76800K, 35% used [0x00000006c0000000,0x00000006c1aec7a8,0x00000006c4b00000)
 Metaspace       used 28882K, capacity 29218K, committed 29440K, reserved 1075200K
  class space    used 3733K, capacity 3818K, committed 3840K, reserved 1048576K
}
Event: 10.746 GC heap before
{Heap before GC invocations=16 (full 1):
 PSYoungGen      total 297984K, used 293999K [0x000000076ab00000, 0x000000077f380000, 0x00000007c0000000)
  eden space 269824K, 100% used [0x000000076ab00000,0x000000077b280000,0x000000077b280000)
  from space 28160K, 85% used [0x000000077d100000,0x000000077e89bdb0,0x000000077ec80000)
  to   space 31232K, 0% used [0x000000077b280000,0x000000077b280000,0x000000077d100000)
 ParOldGen       total 76800K, used 27569K [0x00000006c0000000, 0x00000006c4b00000, 0x000000076ab00000)
  object space 76800K, 35% used [0x00000006c0000000,0x00000006c1aec7a8,0x00000006c4b00000)
 Metaspace       used 28882K, capacity 29218K, committed 29440K, reserved 1075200K
  class space    used 3733K, capacity 3818K, committed 3840K, reserved 1048576K
Event: 10.772 GC heap after
Heap after GC invocations=16 (full 1):
 PSYoungGen      total 301056K, used 31230K [0x000000076ab00000, 0x0000000789200000, 0x00000007c0000000)
  eden space 269824K, 0% used [0x000000076ab00000,0x000000076ab00000,0x000000077b280000)
  from space 31232K, 99% used [0x000000077b280000,0x000000077d0ff9f0,0x000000077d100000)
  to   space 38912K, 0% used [0x0000000786c00000,0x0000000786c00000,0x0000000789200000)
 ParOldGen       total 76800K, used 34086K [0x00000006c0000000, 0x00000006c4b00000, 0x000000076ab00000)
  object space 76800K, 44% used [0x00000006c0000000,0x00000006c2149818,0x00000006c4b00000)
 Metaspace       used 28882K, capacity 29218K, committed 29440K, reserved 1075200K
  class space    used 3733K, capacity 3818K, committed 3840K, reserved 1048576K
}
Event: 11.264 GC heap before
{Heap before GC invocations=17 (full 1):
 PSYoungGen      total 301056K, used 301054K [0x000000076ab00000, 0x0000000789200000, 0x00000007c0000000)
  eden space 269824K, 100% used [0x000000076ab00000,0x000000077b280000,0x000000077b280000)
  from space 31232K, 99% used [0x000000077b280000,0x000000077d0ff9f0,0x000000077d100000)
  to   space 38912K, 0% used [0x0000000786c00000,0x0000000786c00000,0x0000000789200000)
 ParOldGen       total 76800K, used 34086K [0x00000006c0000000, 0x00000006c4b00000, 0x000000076ab00000)
  object space 76800K, 44% used [0x00000006c0000000,0x00000006c2149818,0x00000006c4b00000)
 Metaspace       used 28921K, capacity 29218K, committed 29440K, reserved 1075200K
  class space    used 3733K, capacity 3818K, committed 3840K, reserved 1048576K
Event: 11.288 GC heap after
Heap after GC invocations=17 (full 1):
 PSYoungGen      total 455168K, used 33735K [0x000000076ab00000, 0x0000000789c00000, 0x00000007c0000000)
  eden space 416256K, 0% used [0x000000076ab00000,0x000000076ab00000,0x0000000784180000)
  from space 38912K, 86% used [0x0000000786c00000,0x0000000788cf1d08,0x0000000789200000)
  to   space 43520K, 0% used [0x0000000784180000,0x0000000784180000,0x0000000786c00000)
 ParOldGen       total 76800K, used 35026K [0x00000006c0000000, 0x00000006c4b00000, 0x000000076ab00000)
  object space 76800K, 45% used [0x00000006c0000000,0x00000006c2234848,0x00000006c4b00000)
 Metaspace       used 28921K, capacity 29218K, committed 29440K, reserved 1075200K
  class space    used 3733K, capacity 3818K, committed 3840K, reserved 1048576K
}
Event: 12.263 GC heap before
{Heap before GC invocations=18 (full 1):
 PSYoungGen      total 455168K, used 449991K [0x000000076ab00000, 0x0000000789c00000, 0x00000007c0000000)
  eden space 416256K, 100% used [0x000000076ab00000,0x0000000784180000,0x0000000784180000)
  from space 38912K, 86% used [0x0000000786c00000,0x0000000788cf1d08,0x0000000789200000)
  to   space 43520K, 0% used [0x0000000784180000,0x0000000784180000,0x0000000786c00000)
 ParOldGen       total 76800K, used 35026K [0x00000006c0000000, 0x00000006c4b00000, 0x000000076ab00000)
  object space 76800K, 45% used [0x00000006c0000000,0x00000006c2234848,0x00000006c4b00000)
 Metaspace       used 29063K, capacity 29346K, committed 29440K, reserved 1075200K
  class space    used 3744K, capacity 3818K, committed 3840K, reserved 1048576K
Event: 12.300 GC heap after
Heap after GC invocations=18 (full 1):
 PSYoungGen      total 459776K, used 43509K [0x000000076ab00000, 0x0000000794600000, 0x00000007c0000000)
  eden space 416256K, 0% used [0x000000076ab00000,0x000000076ab00000,0x0000000784180000)
  from space 43520K, 99% used [0x0000000784180000,0x0000000786bfd450,0x0000000786c00000)
  to   space 55296K, 0% used [0x0000000791000000,0x0000000791000000,0x0000000794600000)
 ParOldGen       total 76800K, used 46797K [0x00000006c0000000, 0x00000006c4b00000, 0x000000076ab00000)
  object space 76800K, 60% used [0x00000006c0000000,0x00000006c2db3518,0x00000006c4b00000)
 Metaspace       used 29063K, capacity 29346K, committed 29440K, reserved 1075200K
  class space    used 3744K, capacity 3818K, committed 3840K, reserved 1048576K
}
Event: 13.231 GC heap before
{Heap before GC invocations=19 (full 1):
 PSYoungGen      total 459776K, used 459765K [0x000000076ab00000, 0x0000000794600000, 0x00000007c0000000)
  eden space 416256K, 100% used [0x000000076ab00000,0x0000000784180000,0x0000000784180000)
  from space 43520K, 99% used [0x0000000784180000,0x0000000786bfd450,0x0000000786c00000)
  to   space 55296K, 0% used [0x0000000791000000,0x0000000791000000,0x0000000794600000)
 ParOldGen       total 76800K, used 46797K [0x00000006c0000000, 0x00000006c4b00000, 0x000000076ab00000)
  object space 76800K, 60% used [0x00000006c0000000,0x00000006c2db3518,0x00000006c4b00000)
 Metaspace       used 29080K, capacity 29416K, committed 29696K, reserved 1075200K
  class space    used 3744K, capacity 3819K, committed 3840K, reserved 1048576K
Event: 13.264 GC heap after
Heap after GC invocations=19 (full 1):
 PSYoungGen      total 626688K, used 33795K [0x000000076ab00000, 0x0000000794800000, 0x00000007c0000000)
  eden space 571392K, 0% used [0x000000076ab00000,0x000000076ab00000,0x000000078d900000)
  from space 55296K, 61% used [0x0000000791000000,0x0000000793100ca8,0x0000000794600000)
  to   space 56320K, 0% used [0x000000078d900000,0x000000078d900000,0x0000000791000000)
 ParOldGen       total 76800K, used 47909K [0x00000006c0000000, 0x00000006c4b00000, 0x000000076ab00000)
  object space 76800K, 62% used [0x00000006c0000000,0x00000006c2ec9528,0x00000006c4b00000)
 Metaspace       used 29080K, capacity 29416K, committed 29696K, reserved 1075200K
  class space    used 3744K, capacity 3819K, committed 3840K, reserved 1048576K
}

