# JRE version: Java(TM) SE Runtime Environment (8.0_131-b11) (build 1.8.0_131-b11)
# Java VM: Java HotSpot(TM) 64-Bit Server VM (25.131-b11 mixed mode windows-amd64 compressed oops)
Heap:
 PSYoungGen      total 612352K, used 195670K [0x00000000d5580000, 0x00000000ff000000, 0x0000000100000000)
  eden space 577024K, 28% used [0x00000000d5580000,0x00000000df649330,0x00000000f8900000)
  from space 35328K, 87% used [0x00000000fcd80000,0x00000000febcc580,0x00000000ff000000)
  to   space 52736K, 0% used [0x00000000f8900000,0x00000000f8900000,0x00000000fbc80000)
 ParOldGen       total 142336K, used 76431K [0x0000000080000000, 0x0000000088b00000, 0x00000000d5580000)
  object space 142336K, 53% used [0x0000000080000000,0x0000000084aa3de0,0x0000000088b00000)
 Metaspace       used 33600K, capacity 33958K, committed 34048K, reserved 1079296K
  class space    used 4191K, capacity 4302K, committed 4352K, reserved 1048576K
GC Heap History (10 events):
Event: 6.757 GC heap before
{Heap before GC invocations=14 (full 1):
 PSYoungGen      total 287232K, used 287218K [0x00000000d5580000, 0x00000000ea780000, 0x0000000100000000)
  eden space 264704K, 100% used [0x00000000d5580000,0x00000000e5800000,0x00000000e5800000)
  from space 22528K, 99% used [0x00000000e7300000,0x00000000e88fc9e0,0x00000000e8900000)
  to   space 27648K, 0% used [0x00000000e5800000,0x00000000e5800000,0x00000000e7300000)
 ParOldGen       total 76288K, used 41155K [0x0000000080000000, 0x0000000084a80000, 0x00000000d5580000)
  object space 76288K, 53% used [0x0000000080000000,0x0000000082830fa8,0x0000000084a80000)
 Metaspace       used 28897K, capacity 29230K, committed 29440K, reserved 1075200K
  class space    used 3733K, capacity 3818K, committed 3840K, reserved 1048576K
Event: 6.780 GC heap after
Heap after GC invocations=14 (full 1):
 PSYoungGen      total 292352K, used 27622K [0x00000000d5580000, 0x00000000f2380000, 0x0000000100000000)
  eden space 264704K, 0% used [0x00000000d5580000,0x00000000d5580000,0x00000000e5800000)
  from space 27648K, 99% used [0x00000000e5800000,0x00000000e72f9990,0x00000000e7300000)
  to   space 35840K, 0% used [0x00000000f0080000,0x00000000f0080000,0x00000000f2380000)
 ParOldGen       total 76288K, used 50662K [0x0000000080000000, 0x0000000084a80000, 0x00000000d5580000)
  object space 76288K, 66% used [0x0000000080000000,0x0000000083179a90,0x0000000084a80000)
 Metaspace       used 28897K, capacity 29230K, committed 29440K, reserved 1075200K
  class space    used 3733K, capacity 3818K, committed 3840K, reserved 1048576K
}
Event: 7.218 GC heap before
{Heap before GC invocations=15 (full 1):
 PSYoungGen      total 292352K, used 292326K [0x00000000d5580000, 0x00000000f2380000, 0x0000000100000000)
  eden space 264704K, 100% used [0x00000000d5580000,0x00000000e5800000,0x00000000e5800000)
  from space 27648K, 99% used [0x00000000e5800000,0x00000000e72f9990,0x00000000e7300000)
  to   space 35840K, 0% used [0x00000000f0080000,0x00000000f0080000,0x00000000f2380000)
 ParOldGen       total 76288K, used 50662K [0x0000000080000000, 0x0000000084a80000, 0x00000000d5580000)
  object space 76288K, 66% used [0x0000000080000000,0x0000000083179a90,0x0000000084a80000)
 Metaspace       used 28928K, capacity 29230K, committed 29440K, reserved 1075200K
  class space    used 3733K, capacity 3818K, committed 3840K, reserved 1048576K
Event: 7.241 GC heap after
Heap after GC invocations=15 (full 1):
 PSYoungGen      total 432128K, used 33400K [0x00000000d5580000, 0x00000000f2f80000, 0x0000000100000000)
  eden space 396288K, 0% used [0x00000000d5580000,0x00000000d5580000,0x00000000ed880000)
  from space 35840K, 93% used [0x00000000f0080000,0x00000000f211e208,0x00000000f2380000)
  to   space 40960K, 0% used [0x00000000ed880000,0x00000000ed880000,0x00000000f0080000)
 ParOldGen       total 76288K, used 51522K [0x0000000080000000, 0x0000000084a80000, 0x00000000d5580000)
  object space 76288K, 67% used [0x0000000080000000,0x0000000083250ac0,0x0000000084a80000)
 Metaspace       used 28928K, capacity 29230K, committed 29440K, reserved 1075200K
  class space    used 3733K, capacity 3818K, committed 3840K, reserved 1048576K
}
Event: 8.278 GC heap before
{Heap before GC invocations=16 (full 1):
 PSYoungGen      total 432128K, used 429688K [0x00000000d5580000, 0x00000000f2f80000, 0x0000000100000000)
  eden space 396288K, 100% used [0x00000000d5580000,0x00000000ed880000,0x00000000ed880000)
  from space 35840K, 93% used [0x00000000f0080000,0x00000000f211e208,0x00000000f2380000)
  to   space 40960K, 0% used [0x00000000ed880000,0x00000000ed880000,0x00000000f0080000)
 ParOldGen       total 76288K, used 51522K [0x0000000080000000, 0x0000000084a80000, 0x00000000d5580000)
  object space 76288K, 67% used [0x0000000080000000,0x0000000083250ac0,0x0000000084a80000)
 Metaspace       used 29067K, capacity 29358K, committed 29440K, reserved 1075200K
  class space    used 3743K, capacity 3818K, committed 3840K, reserved 1048576K
Event: 8.319 GC heap after
Heap after GC invocations=16 (full 1):
 PSYoungGen      total 437248K, used 40929K [0x00000000d5580000, 0x0000000100000000, 0x0000000100000000)
  eden space 396288K, 0% used [0x00000000d5580000,0x00000000d5580000,0x00000000ed880000)
  from space 40960K, 99% used [0x00000000ed880000,0x00000000f0078430,0x00000000f0080000)
  to   space 51712K, 0% used [0x00000000fcd80000,0x00000000fcd80000,0x0000000100000000)
 ParOldGen       total 76288K, used 62277K [0x0000000080000000, 0x0000000084a80000, 0x00000000d5580000)
  object space 76288K, 81% used [0x0000000080000000,0x0000000083cd1628,0x0000000084a80000)
 Metaspace       used 29067K, capacity 29358K, committed 29440K, reserved 1075200K
  class space    used 3743K, capacity 3818K, committed 3840K, reserved 1048576K
}
Event: 8.319 GC heap before
{Heap before GC invocations=17 (full 2):
 PSYoungGen      total 437248K, used 40929K [0x00000000d5580000, 0x0000000100000000, 0x0000000100000000)
  eden space 396288K, 0% used [0x00000000d5580000,0x00000000d5580000,0x00000000ed880000)
  from space 40960K, 99% used [0x00000000ed880000,0x00000000f0078430,0x00000000f0080000)
  to   space 51712K, 0% used [0x00000000fcd80000,0x00000000fcd80000,0x0000000100000000)
 ParOldGen       total 76288K, used 62277K [0x0000000080000000, 0x0000000084a80000, 0x00000000d5580000)
  object space 76288K, 81% used [0x0000000080000000,0x0000000083cd1628,0x0000000084a80000)
 Metaspace       used 29067K, capacity 29358K, committed 29440K, reserved 1075200K
  class space    used 3743K, capacity 3818K, committed 3840K, reserved 1048576K
Event: 8.395 GC heap after
Heap after GC invocations=17 (full 2):
 PSYoungGen      total 437248K, used 462K [0x00000000d5580000, 0x0000000100000000, 0x0000000100000000)
  eden space 396288K, 0% used [0x00000000d5580000,0x00000000d5580000,0x00000000ed880000)
  from space 40960K, 1% used [0x00000000ed880000,0x00000000ed8f3be8,0x00000000f0080000)
  to   space 51712K, 0% used [0x00000000fcd80000,0x00000000fcd80000,0x0000000100000000)
 ParOldGen       total 142336K, used 75920K [0x0000000080000000, 0x0000000088b00000, 0x00000000d5580000)
  object space 142336K, 53% used [0x0000000080000000,0x0000000084a24210,0x0000000088b00000)
 Metaspace       used 29067K, capacity 29358K, committed 29440K, reserved 1075200K
  class space    used 3743K, capacity 3818K, committed 3840K, reserved 1048576K
}
Event: 9.050 GC heap before
{Heap before GC invocations=18 (full 2):
 PSYoungGen      total 437248K, used 396750K [0x00000000d5580000, 0x0000000100000000, 0x0000000100000000)
  eden space 396288K, 100% used [0x00000000d5580000,0x00000000ed880000,0x00000000ed880000)
  from space 40960K, 1% used [0x00000000ed880000,0x00000000ed8f3be8,0x00000000f0080000)
  to   space 51712K, 0% used [0x00000000fcd80000,0x00000000fcd80000,0x0000000100000000)
 ParOldGen       total 142336K, used 75920K [0x0000000080000000, 0x0000000088b00000, 0x00000000d5580000)
  object space 142336K, 53% used [0x0000000080000000,0x0000000084a24210,0x0000000088b00000)
 Metaspace       used 29087K, capacity 29428K, committed 29696K, reserved 1075200K
  class space    used 3744K, capacity 3819K, committed 3840K, reserved 1048576K
Event: 9.082 GC heap after
Heap after GC invocations=18 (full 2):
 PSYoungGen      total 612352K, used 31025K [0x00000000d5580000, 0x00000000ff000000, 0x0000000100000000)
  eden space 577024K, 0% used [0x00000000d5580000,0x00000000d5580000,0x00000000f8900000)
  from space 35328K, 87% used [0x00000000fcd80000,0x00000000febcc580,0x00000000ff000000)
  to   space 52736K, 0% used [0x00000000f8900000,0x00000000f8900000,0x00000000fbc80000)
 ParOldGen       total 142336K, used 76431K [0x0000000080000000, 0x0000000088b00000, 0x00000000d5580000)
  object space 142336K, 53% used [0x0000000080000000,0x0000000084aa3de0,0x0000000088b00000)
 Metaspace       used 29087K, capacity 29428K, committed 29696K, reserved 1075200K
  class space    used 3744K, capacity 3819K, committed 3840K, reserved 1048576K
}

