# JRE version: Java(TM) SE Runtime Environment (8.0_131-b11) (build 1.8.0_131-b11)
# Java VM: Java HotSpot(TM) 64-Bit Server VM (25.131-b11 mixed mode windows-amd64 compressed oops)
Heap:
 PSYoungGen      total 728576K, used 92264K [0x000000076ab00000, 0x000000079b600000, 0x00000007c0000000)
  eden space 668672K, 8% used [0x000000076ab00000,0x000000076df42030,0x0000000793800000)
  from space 59904K, 64% used [0x0000000797500000,0x0000000799ad8258,0x000000079af80000)
  to   space 62464K, 0% used [0x0000000793800000,0x0000000793800000,0x0000000797500000)
 ParOldGen       total 74240K, used 49549K [0x00000006c0000000, 0x00000006c4880000, 0x000000076ab00000)
  object space 74240K, 66% used [0x00000006c0000000,0x00000006c30637e8,0x00000006c4880000)
 Metaspace       used 33319K, capacity 33718K, committed 34048K, reserved 1079296K
  class space    used 4170K, capacity 4270K, committed 4352K, reserved 1048576K
GC Heap History (10 events):
Event: 13.618 GC heap before
{Heap before GC invocations=13 (full 1):
 PSYoungGen      total 227328K, used 227326K [0x000000076ab00000, 0x0000000780f80000, 0x00000007c0000000)
  eden space 204288K, 100% used [0x000000076ab00000,0x0000000777280000,0x0000000777280000)
  from space 23040K, 99% used [0x0000000777280000,0x00000007788ff990,0x0000000778900000)
  to   space 28160K, 0% used [0x000000077f400000,0x000000077f400000,0x0000000780f80000)
 ParOldGen       total 74240K, used 27773K [0x00000006c0000000, 0x00000006c4880000, 0x000000076ab00000)
  object space 74240K, 37% used [0x00000006c0000000,0x00000006c1b1f7e8,0x00000006c4880000)
 Metaspace       used 28002K, capacity 28344K, committed 28672K, reserved 1075200K
  class space    used 3639K, capacity 3721K, committed 3840K, reserved 1048576K
Event: 13.638 GC heap after
Heap after GC invocations=13 (full 1):
 PSYoungGen      total 330752K, used 28134K [0x000000076ab00000, 0x0000000781800000, 0x00000007c0000000)
  eden space 302592K, 0% used [0x000000076ab00000,0x000000076ab00000,0x000000077d280000)
  from space 28160K, 99% used [0x000000077f400000,0x0000000780f79888,0x0000000780f80000)
  to   space 34304K, 0% used [0x000000077d280000,0x000000077d280000,0x000000077f400000)
 ParOldGen       total 74240K, used 30683K [0x00000006c0000000, 0x00000006c4880000, 0x000000076ab00000)
  object space 74240K, 41% used [0x00000006c0000000,0x00000006c1df6f28,0x00000006c4880000)
 Metaspace       used 28002K, capacity 28344K, committed 28672K, reserved 1075200K
  class space    used 3639K, capacity 3721K, committed 3840K, reserved 1048576K
}
Event: 23.539 GC heap before
{Heap before GC invocations=14 (full 1):
 PSYoungGen      total 330752K, used 330726K [0x000000076ab00000, 0x0000000781800000, 0x00000007c0000000)
  eden space 302592K, 100% used [0x000000076ab00000,0x000000077d280000,0x000000077d280000)
  from space 28160K, 99% used [0x000000077f400000,0x0000000780f79888,0x0000000780f80000)
  to   space 34304K, 0% used [0x000000077d280000,0x000000077d280000,0x000000077f400000)
 ParOldGen       total 74240K, used 30683K [0x00000006c0000000, 0x00000006c4880000, 0x000000076ab00000)
  object space 74240K, 41% used [0x00000006c0000000,0x00000006c1df6f28,0x00000006c4880000)
 Metaspace       used 28918K, capacity 29214K, committed 29440K, reserved 1075200K
  class space    used 3733K, capacity 3818K, committed 3840K, reserved 1048576K
Event: 23.572 GC heap after
Heap after GC invocations=14 (full 1):
 PSYoungGen      total 336896K, used 34278K [0x000000076ab00000, 0x000000078b100000, 0x00000007c0000000)
  eden space 302592K, 0% used [0x000000076ab00000,0x000000076ab00000,0x000000077d280000)
  from space 34304K, 99% used [0x000000077d280000,0x000000077f3f9998,0x000000077f400000)
  to   space 42496K, 0% used [0x0000000788780000,0x0000000788780000,0x000000078b100000)
 ParOldGen       total 74240K, used 37885K [0x00000006c0000000, 0x00000006c4880000, 0x000000076ab00000)
  object space 74240K, 51% used [0x00000006c0000000,0x00000006c24ff6d0,0x00000006c4880000)
 Metaspace       used 28918K, capacity 29214K, committed 29440K, reserved 1075200K
  class space    used 3733K, capacity 3818K, committed 3840K, reserved 1048576K
}
Event: 24.311 GC heap before
{Heap before GC invocations=15 (full 1):
 PSYoungGen      total 336896K, used 336870K [0x000000076ab00000, 0x000000078b100000, 0x00000007c0000000)
  eden space 302592K, 100% used [0x000000076ab00000,0x000000077d280000,0x000000077d280000)
  from space 34304K, 99% used [0x000000077d280000,0x000000077f3f9998,0x000000077f400000)
  to   space 42496K, 0% used [0x0000000788780000,0x0000000788780000,0x000000078b100000)
 ParOldGen       total 74240K, used 37885K [0x00000006c0000000, 0x00000006c4880000, 0x000000076ab00000)
  object space 74240K, 51% used [0x00000006c0000000,0x00000006c24ff6d0,0x00000006c4880000)
 Metaspace       used 28949K, capacity 29278K, committed 29440K, reserved 1075200K
  class space    used 3733K, capacity 3818K, committed 3840K, reserved 1048576K
Event: 24.341 GC heap after
Heap after GC invocations=15 (full 1):
 PSYoungGen      total 481792K, used 38242K [0x000000076ab00000, 0x000000078c880000, 0x00000007c0000000)
  eden space 439296K, 0% used [0x000000076ab00000,0x000000076ab00000,0x0000000785800000)
  from space 42496K, 89% used [0x0000000788780000,0x000000078acd8be8,0x000000078b100000)
  to   space 48640K, 0% used [0x0000000785800000,0x0000000785800000,0x0000000788780000)
 ParOldGen       total 74240K, used 39205K [0x00000006c0000000, 0x00000006c4880000, 0x000000076ab00000)
  object space 74240K, 52% used [0x00000006c0000000,0x00000006c2649628,0x00000006c4880000)
 Metaspace       used 28949K, capacity 29278K, committed 29440K, reserved 1075200K
  class space    used 3733K, capacity 3818K, committed 3840K, reserved 1048576K
}
Event: 25.595 GC heap before
{Heap before GC invocations=16 (full 1):
 PSYoungGen      total 481792K, used 477538K [0x000000076ab00000, 0x000000078c880000, 0x00000007c0000000)
  eden space 439296K, 100% used [0x000000076ab00000,0x0000000785800000,0x0000000785800000)
  from space 42496K, 89% used [0x0000000788780000,0x000000078acd8be8,0x000000078b100000)
  to   space 48640K, 0% used [0x0000000785800000,0x0000000785800000,0x0000000788780000)
 ParOldGen       total 74240K, used 39205K [0x00000006c0000000, 0x00000006c4880000, 0x000000076ab00000)
  object space 74240K, 52% used [0x00000006c0000000,0x00000006c2649628,0x00000006c4880000)
 Metaspace       used 29089K, capacity 29406K, committed 29696K, reserved 1075200K
  class space    used 3744K, capacity 3818K, committed 3840K, reserved 1048576K
Event: 25.647 GC heap after
Heap after GC invocations=16 (full 1):
 PSYoungGen      total 487936K, used 48612K [0x000000076ab00000, 0x000000079af80000, 0x00000007c0000000)
  eden space 439296K, 0% used [0x000000076ab00000,0x000000076ab00000,0x0000000785800000)
  from space 48640K, 99% used [0x0000000785800000,0x0000000788779090,0x0000000788780000)
  to   space 59904K, 0% used [0x0000000797500000,0x0000000797500000,0x000000079af80000)
 ParOldGen       total 74240K, used 48357K [0x00000006c0000000, 0x00000006c4880000, 0x000000076ab00000)
  object space 74240K, 65% used [0x00000006c0000000,0x00000006c2f397d8,0x00000006c4880000)
 Metaspace       used 29089K, capacity 29406K, committed 29696K, reserved 1075200K
  class space    used 3744K, capacity 3818K, committed 3840K, reserved 1048576K
}
Event: 27.031 GC heap before
{Heap before GC invocations=17 (full 1):
 PSYoungGen      total 487936K, used 487908K [0x000000076ab00000, 0x000000079af80000, 0x00000007c0000000)
  eden space 439296K, 100% used [0x000000076ab00000,0x0000000785800000,0x0000000785800000)
  from space 48640K, 99% used [0x0000000785800000,0x0000000788779090,0x0000000788780000)
  to   space 59904K, 0% used [0x0000000797500000,0x0000000797500000,0x000000079af80000)
 ParOldGen       total 74240K, used 48357K [0x00000006c0000000, 0x00000006c4880000, 0x000000076ab00000)
  object space 74240K, 65% used [0x00000006c0000000,0x00000006c2f397d8,0x00000006c4880000)
 Metaspace       used 30284K, capacity 30634K, committed 30848K, reserved 1077248K
  class space    used 3862K, capacity 3948K, committed 3968K, reserved 1048576K
Event: 27.071 GC heap after
Heap after GC invocations=17 (full 1):
 PSYoungGen      total 728576K, used 38752K [0x000000076ab00000, 0x000000079b600000, 0x00000007c0000000)
  eden space 668672K, 0% used [0x000000076ab00000,0x000000076ab00000,0x0000000793800000)
  from space 59904K, 64% used [0x0000000797500000,0x0000000799ad8258,0x000000079af80000)
  to   space 62464K, 0% used [0x0000000793800000,0x0000000793800000,0x0000000797500000)
 ParOldGen       total 74240K, used 49549K [0x00000006c0000000, 0x00000006c4880000, 0x000000076ab00000)
  object space 74240K, 66% used [0x00000006c0000000,0x00000006c30637e8,0x00000006c4880000)
 Metaspace       used 30284K, capacity 30634K, committed 30848K, reserved 1077248K
  class space    used 3862K, capacity 3948K, committed 3968K, reserved 1048576K
}

